mall 2019-05-04 16:06:37.559 INFO      [main]  com.office.mall.web.MallWebApplication logStarting- Starting MallWebApplication on 遇见 with PID 6392 (D:\J\GraduationProject\mall2\mall-web\target\classes started by 王 in D:\J\GraduationProject\mall2)
mall 2019-05-04 16:06:37.584 DEBUG     [main]  com.office.mall.web.MallWebApplication logStarting- Running with Spring Boot v2.1.4.RELEASE, Spring v5.1.6.RELEASE
mall 2019-05-04 16:06:37.585 INFO      [main]  com.office.mall.web.MallWebApplication logStartupProfileInfo- No active profile set, falling back to default profiles: default
mall 2019-05-04 16:06:42.370 INFO      [main]  org.springframework.boot.web.embedded.tomcat.TomcatWebServer initialize- Tomcat initialized with port(s): 8081 (http)
mall 2019-05-04 16:06:42.394 INFO      [main]  org.apache.coyote.http11.Http11NioProtocol log- Initializing ProtocolHandler ["http-nio-8081"]
mall 2019-05-04 16:06:42.418 INFO      [main]  org.apache.catalina.core.StandardService log- Starting service [Tomcat]
mall 2019-05-04 16:06:42.418 INFO      [main]  org.apache.catalina.core.StandardEngine log- Starting Servlet engine: [Apache Tomcat/9.0.17]
mall 2019-05-04 16:06:42.431 INFO      [main]  org.apache.catalina.core.AprLifecycleListener log- An older version [1.2.17] of the APR based Apache Tomcat Native library is installed, while Tomcat recommends a minimum version of [1.2.21]
mall 2019-05-04 16:06:42.432 INFO      [main]  org.apache.catalina.core.AprLifecycleListener log- Loaded APR based Apache Tomcat Native library [1.2.17] using APR version [1.6.3].
mall 2019-05-04 16:06:42.432 INFO      [main]  org.apache.catalina.core.AprLifecycleListener log- APR capabilities: IPv6 [true], sendfile [true], accept filters [false], random [true].
mall 2019-05-04 16:06:42.432 INFO      [main]  org.apache.catalina.core.AprLifecycleListener log- APR/OpenSSL configuration: useAprConnector [false], useOpenSSL [true]
mall 2019-05-04 16:06:44.022 INFO      [main]  org.apache.catalina.core.AprLifecycleListener log- OpenSSL successfully initialized [OpenSSL 1.0.2o  27 Mar 2018]
mall 2019-05-04 16:06:44.203 INFO      [main]  org.apache.catalina.core.ContainerBase.[Tomcat].[localhost].[/] log- Initializing Spring embedded WebApplicationContext
mall 2019-05-04 16:06:44.203 INFO      [main]  org.springframework.web.context.ContextLoader prepareWebApplicationContext- Root WebApplicationContext: initialization completed in 6369 ms
mall 2019-05-04 16:06:46.059 WARN      [main]  org.thymeleaf.templatemode.TemplateMode parse- [THYMELEAF][main] Unknown Template Mode 'HTML5 '. Must be one of: 'HTML', 'XML', 'TEXT', 'JAVASCRIPT', 'CSS', 'RAW'. Using default Template Mode 'HTML'.
mall 2019-05-04 16:06:46.202 INFO      [main]  org.apache.coyote.http11.Http11NioProtocol log- Starting ProtocolHandler ["http-nio-8081"]
mall 2019-05-04 16:06:46.292 INFO      [main]  org.springframework.boot.web.embedded.tomcat.TomcatWebServer start- Tomcat started on port(s): 8081 (http) with context path ''
mall 2019-05-04 16:06:46.296 INFO      [main]  com.office.mall.web.MallWebApplication logStarted- Started MallWebApplication in 13.081 seconds (JVM running for 29.261)
mall 2019-05-04 16:07:49.284 INFO      [http-nio-8081-exec-1]  org.apache.catalina.core.ContainerBase.[Tomcat].[localhost].[/] log- Initializing Spring DispatcherServlet 'dispatcherServlet'
mall 2019-05-04 16:07:49.285 INFO      [http-nio-8081-exec-1]  org.springframework.web.servlet.DispatcherServlet initServletBean- Initializing Servlet 'dispatcherServlet'
mall 2019-05-04 16:07:49.294 INFO      [http-nio-8081-exec-1]  org.springframework.web.servlet.DispatcherServlet initServletBean- Completed initialization in 8 ms
mall 2019-05-04 16:10:50.989 WARN      [http-nio-8081-exec-6]  org.springframework.web.servlet.PageNotFound noHandlerFound- No mapping for GET /favicon.ico
mall 2019-05-04 16:10:50.999 WARN      [http-nio-8081-exec-10]  org.springframework.web.servlet.PageNotFound noHandlerFound- No mapping for GET /img/wx_cz.jpg
mall 2019-05-04 16:10:53.620 WARN      [http-nio-8081-exec-9]  org.springframework.web.servlet.PageNotFound noHandlerFound- No mapping for GET /assets/img/favicon.ico
mall 2019-05-04 16:10:57.584 WARN      [http-nio-8081-exec-7]  org.springframework.web.servlet.PageNotFound noHandlerFound- No mapping for GET /favicon.ico
mall 2019-05-04 16:10:57.836 WARN      [http-nio-8081-exec-1]  org.springframework.web.servlet.PageNotFound noHandlerFound- No mapping for GET /img/wx_cz.jpg
mall 2019-05-04 16:10:58.004 WARN      [http-nio-8081-exec-4]  org.springframework.web.servlet.PageNotFound noHandlerFound- No mapping for GET /Title_files/%7B%7Bitem.pic%7D%7D
mall 2019-05-04 16:10:58.005 WARN      [http-nio-8081-exec-6]  org.springframework.web.servlet.PageNotFound noHandlerFound- No mapping for GET /img/today01.png
mall 2019-05-04 16:10:58.007 WARN      [http-nio-8081-exec-7]  org.springframework.web.servlet.PageNotFound noHandlerFound- No mapping for GET /img/today02.png
mall 2019-05-04 16:10:58.007 WARN      [http-nio-8081-exec-9]  org.springframework.web.servlet.PageNotFound noHandlerFound- No mapping for GET /img/today03.png
mall 2019-05-04 16:10:58.009 WARN      [http-nio-8081-exec-4]  org.springframework.web.servlet.PageNotFound noHandlerFound- No mapping for GET /img/today04.png
mall 2019-05-04 16:10:58.101 WARN      [http-nio-8081-exec-2]  org.springframework.web.servlet.PageNotFound noHandlerFound- No mapping for GET /img/floor-1-b01.png
mall 2019-05-04 16:10:58.101 WARN      [http-nio-8081-exec-8]  org.springframework.web.servlet.PageNotFound noHandlerFound- No mapping for GET /img/floor-1-1.png
mall 2019-05-04 16:10:58.127 WARN      [http-nio-8081-exec-1]  org.springframework.web.servlet.PageNotFound noHandlerFound- No mapping for GET /img/floor-1-b02.png
mall 2019-05-04 16:10:58.128 WARN      [http-nio-8081-exec-5]  org.springframework.web.servlet.PageNotFound noHandlerFound- No mapping for GET /img/floor-1-b03.png
mall 2019-05-04 16:10:58.133 WARN      [http-nio-8081-exec-1]  org.springframework.web.servlet.PageNotFound noHandlerFound- No mapping for GET /img/floor-1-2.png
mall 2019-05-04 16:10:58.147 WARN      [http-nio-8081-exec-4]  org.springframework.web.servlet.PageNotFound noHandlerFound- No mapping for GET /img/floor-1-4.png
mall 2019-05-04 16:10:58.147 WARN      [http-nio-8081-exec-2]  org.springframework.web.servlet.PageNotFound noHandlerFound- No mapping for GET /img/floor-1-5.png
mall 2019-05-04 16:10:58.148 WARN      [http-nio-8081-exec-8]  org.springframework.web.servlet.PageNotFound noHandlerFound- No mapping for GET /img/floor-1-6.png
mall 2019-05-04 16:10:58.147 WARN      [http-nio-8081-exec-7]  org.springframework.web.servlet.PageNotFound noHandlerFound- No mapping for GET /img/floor-1-3.png
