mall 2019-05-10 00:05:55.987 INFO      [main]  com.office.mall.web.MallWebApplication logStarting- Starting MallWebApplication on 遇见 with PID 3844 (D:\J\GraduationProject\mall\mall-web\target\classes started by 王 in D:\J\GraduationProject\mall)
mall 2019-05-10 00:05:55.995 DEBUG     [main]  com.office.mall.web.MallWebApplication logStarting- Running with Spring Boot v2.1.4.RELEASE, Spring v5.1.6.RELEASE
mall 2019-05-10 00:05:55.996 INFO      [main]  com.office.mall.web.MallWebApplication logStartupProfileInfo- No active profile set, falling back to default profiles: default
mall 2019-05-10 00:05:58.274 INFO      [main]  org.springframework.boot.web.embedded.tomcat.TomcatWebServer initialize- Tomcat initialized with port(s): 8081 (http)
mall 2019-05-10 00:05:58.291 INFO      [main]  org.apache.coyote.http11.Http11NioProtocol log- Initializing ProtocolHandler ["http-nio-8081"]
mall 2019-05-10 00:05:58.301 INFO      [main]  org.apache.catalina.core.StandardService log- Starting service [Tomcat]
mall 2019-05-10 00:05:58.302 INFO      [main]  org.apache.catalina.core.StandardEngine log- Starting Servlet engine: [Apache Tomcat/9.0.17]
mall 2019-05-10 00:05:58.309 INFO      [main]  org.apache.catalina.core.AprLifecycleListener log- An older version [1.2.17] of the APR based Apache Tomcat Native library is installed, while Tomcat recommends a minimum version of [1.2.21]
mall 2019-05-10 00:05:58.310 INFO      [main]  org.apache.catalina.core.AprLifecycleListener log- Loaded APR based Apache Tomcat Native library [1.2.17] using APR version [1.6.3].
mall 2019-05-10 00:05:58.310 INFO      [main]  org.apache.catalina.core.AprLifecycleListener log- APR capabilities: IPv6 [true], sendfile [true], accept filters [false], random [true].
mall 2019-05-10 00:05:58.310 INFO      [main]  org.apache.catalina.core.AprLifecycleListener log- APR/OpenSSL configuration: useAprConnector [false], useOpenSSL [true]
mall 2019-05-10 00:05:59.326 INFO      [main]  org.apache.catalina.core.AprLifecycleListener log- OpenSSL successfully initialized [OpenSSL 1.0.2o  27 Mar 2018]
mall 2019-05-10 00:05:59.476 INFO      [main]  org.apache.catalina.core.ContainerBase.[Tomcat].[localhost].[/] log- Initializing Spring embedded WebApplicationContext
mall 2019-05-10 00:05:59.477 INFO      [main]  org.springframework.web.context.ContextLoader prepareWebApplicationContext- Root WebApplicationContext: initialization completed in 3394 ms
mall 2019-05-10 00:06:00.233 WARN      [main]  org.thymeleaf.templatemode.TemplateMode parse- [THYMELEAF][main] Unknown Template Mode 'HTML5 '. Must be one of: 'HTML', 'XML', 'TEXT', 'JAVASCRIPT', 'CSS', 'RAW'. Using default Template Mode 'HTML'.
mall 2019-05-10 00:06:00.321 INFO      [main]  org.apache.coyote.http11.Http11NioProtocol log- Starting ProtocolHandler ["http-nio-8081"]
mall 2019-05-10 00:06:00.349 INFO      [main]  org.springframework.boot.web.embedded.tomcat.TomcatWebServer start- Tomcat started on port(s): 8081 (http) with context path ''
mall 2019-05-10 00:06:00.351 INFO      [main]  com.office.mall.web.MallWebApplication logStarted- Started MallWebApplication in 5.081 seconds (JVM running for 6.1)
mall 2019-05-10 00:06:10.842 INFO      [http-nio-8081-exec-1]  org.apache.catalina.core.ContainerBase.[Tomcat].[localhost].[/] log- Initializing Spring DispatcherServlet 'dispatcherServlet'
mall 2019-05-10 00:06:10.842 INFO      [http-nio-8081-exec-1]  org.springframework.web.servlet.DispatcherServlet initServletBean- Initializing Servlet 'dispatcherServlet'
mall 2019-05-10 00:06:10.854 INFO      [http-nio-8081-exec-1]  org.springframework.web.servlet.DispatcherServlet initServletBean- Completed initialization in 12 ms
mall 2019-05-10 00:06:12.052 WARN      [http-nio-8081-exec-8]  org.springframework.web.servlet.PageNotFound noHandlerFound- No mapping for GET /img/today01.png
mall 2019-05-10 00:06:12.058 WARN      [http-nio-8081-exec-1]  org.springframework.web.servlet.PageNotFound noHandlerFound- No mapping for GET /img/like_02.png
mall 2019-05-10 00:06:12.059 WARN      [http-nio-8081-exec-2]  org.springframework.web.servlet.PageNotFound noHandlerFound- No mapping for GET /img/today04.png
mall 2019-05-10 00:06:12.061 WARN      [http-nio-8081-exec-10]  org.springframework.web.servlet.PageNotFound noHandlerFound- No mapping for GET /img/today03.png
mall 2019-05-10 00:06:12.061 WARN      [http-nio-8081-exec-9]  org.springframework.web.servlet.PageNotFound noHandlerFound- No mapping for GET /img/today02.png
mall 2019-05-10 00:06:12.285 WARN      [http-nio-8081-exec-6]  org.springframework.web.servlet.PageNotFound noHandlerFound- No mapping for GET /img/wx_cz.jpg
mall 2019-05-10 00:07:37.307 WARN      [http-nio-8081-exec-8]  org.springframework.web.servlet.PageNotFound noHandlerFound- No mapping for GET /img/today02.png
mall 2019-05-10 00:07:37.308 WARN      [http-nio-8081-exec-3]  org.springframework.web.servlet.PageNotFound noHandlerFound- No mapping for GET /img/today01.png
mall 2019-05-10 00:07:37.314 WARN      [http-nio-8081-exec-8]  org.springframework.web.servlet.PageNotFound noHandlerFound- No mapping for GET /img/like_02.png
mall 2019-05-10 00:07:37.307 WARN      [http-nio-8081-exec-1]  org.springframework.web.servlet.PageNotFound noHandlerFound- No mapping for GET /img/today03.png
mall 2019-05-10 00:07:37.314 WARN      [http-nio-8081-exec-4]  org.springframework.web.servlet.PageNotFound noHandlerFound- No mapping for GET /img/today04.png
mall 2019-05-10 00:07:37.332 WARN      [http-nio-8081-exec-6]  org.springframework.web.servlet.PageNotFound noHandlerFound- No mapping for GET /img/wx_cz.jpg
mall 2019-05-10 00:07:40.328 WARN      [http-nio-8081-exec-2]  org.springframework.web.servlet.PageNotFound noHandlerFound- No mapping for GET /img/today01.png
mall 2019-05-10 00:07:40.331 WARN      [http-nio-8081-exec-5]  org.springframework.web.servlet.PageNotFound noHandlerFound- No mapping for GET /img/today03.png
mall 2019-05-10 00:07:40.328 WARN      [http-nio-8081-exec-6]  org.springframework.web.servlet.PageNotFound noHandlerFound- No mapping for GET /img/today02.png
mall 2019-05-10 00:07:40.336 WARN      [http-nio-8081-exec-7]  org.springframework.web.servlet.PageNotFound noHandlerFound- No mapping for GET /img/today04.png
mall 2019-05-10 00:07:40.348 WARN      [http-nio-8081-exec-10]  org.springframework.web.servlet.PageNotFound noHandlerFound- No mapping for GET /img/like_02.png
mall 2019-05-10 00:07:40.364 WARN      [http-nio-8081-exec-9]  org.springframework.web.servlet.PageNotFound noHandlerFound- No mapping for GET /img/wx_cz.jpg
mall 2019-05-10 00:07:48.640 INFO      [http-nio-8081-exec-8]  com.alibaba.druid.pool.DruidDataSource init- {dataSource-1} inited
mall 2019-05-10 00:07:48.873 DEBUG     [http-nio-8081-exec-8]  com.office.mall.dao.ProductMapper.queryList debug- ==>  Preparing: select id, shop_id, brand_id, product_category_id, product_specifications_id, name, pic, publish_status, recommand_status, verify_status, sort, price, sub_title, original_price, weight, keywords, album_pics, detail_title , description, detail_desc from pms_product 
mall 2019-05-10 00:07:48.891 DEBUG     [http-nio-8081-exec-8]  com.office.mall.dao.ProductMapper.queryList debug- ==> Parameters: 
mall 2019-05-10 00:07:48.924 DEBUG     [http-nio-8081-exec-8]  com.office.mall.dao.ProductMapper.queryList debug- <==      Total: 4
mall 2019-05-10 00:07:53.837 DEBUG     [http-nio-8081-exec-3]  com.office.mall.dao.ProductMapper.queryList debug- ==>  Preparing: select id, shop_id, brand_id, product_category_id, product_specifications_id, name, pic, publish_status, recommand_status, verify_status, sort, price, sub_title, original_price, weight, keywords, album_pics, detail_title , description, detail_desc from pms_product 
mall 2019-05-10 00:07:53.837 DEBUG     [http-nio-8081-exec-3]  com.office.mall.dao.ProductMapper.queryList debug- ==> Parameters: 
mall 2019-05-10 00:07:53.840 DEBUG     [http-nio-8081-exec-3]  com.office.mall.dao.ProductMapper.queryList debug- <==      Total: 4
mall 2019-05-10 00:10:37.678 INFO      [main]  com.office.mall.web.MallWebApplication logStarting- Starting MallWebApplication on 遇见 with PID 6104 (D:\J\GraduationProject\mall\mall-web\target\classes started by 王 in D:\J\GraduationProject\mall)
mall 2019-05-10 00:10:37.682 DEBUG     [main]  com.office.mall.web.MallWebApplication logStarting- Running with Spring Boot v2.1.4.RELEASE, Spring v5.1.6.RELEASE
mall 2019-05-10 00:10:37.684 INFO      [main]  com.office.mall.web.MallWebApplication logStartupProfileInfo- No active profile set, falling back to default profiles: default
mall 2019-05-10 00:10:39.077 INFO      [main]  org.springframework.boot.web.embedded.tomcat.TomcatWebServer initialize- Tomcat initialized with port(s): 8081 (http)
mall 2019-05-10 00:10:39.091 INFO      [main]  org.apache.coyote.http11.Http11NioProtocol log- Initializing ProtocolHandler ["http-nio-8081"]
mall 2019-05-10 00:10:39.103 INFO      [main]  org.apache.catalina.core.StandardService log- Starting service [Tomcat]
mall 2019-05-10 00:10:39.104 INFO      [main]  org.apache.catalina.core.StandardEngine log- Starting Servlet engine: [Apache Tomcat/9.0.17]
mall 2019-05-10 00:10:39.112 INFO      [main]  org.apache.catalina.core.AprLifecycleListener log- An older version [1.2.17] of the APR based Apache Tomcat Native library is installed, while Tomcat recommends a minimum version of [1.2.21]
mall 2019-05-10 00:10:39.112 INFO      [main]  org.apache.catalina.core.AprLifecycleListener log- Loaded APR based Apache Tomcat Native library [1.2.17] using APR version [1.6.3].
mall 2019-05-10 00:10:39.113 INFO      [main]  org.apache.catalina.core.AprLifecycleListener log- APR capabilities: IPv6 [true], sendfile [true], accept filters [false], random [true].
mall 2019-05-10 00:10:39.113 INFO      [main]  org.apache.catalina.core.AprLifecycleListener log- APR/OpenSSL configuration: useAprConnector [false], useOpenSSL [true]
mall 2019-05-10 00:10:40.127 INFO      [main]  org.apache.catalina.core.AprLifecycleListener log- OpenSSL successfully initialized [OpenSSL 1.0.2o  27 Mar 2018]
mall 2019-05-10 00:10:40.282 INFO      [main]  org.apache.catalina.core.ContainerBase.[Tomcat].[localhost].[/] log- Initializing Spring embedded WebApplicationContext
mall 2019-05-10 00:10:40.283 INFO      [main]  org.springframework.web.context.ContextLoader prepareWebApplicationContext- Root WebApplicationContext: initialization completed in 2511 ms
mall 2019-05-10 00:10:41.335 WARN      [main]  org.thymeleaf.templatemode.TemplateMode parse- [THYMELEAF][main] Unknown Template Mode 'HTML5 '. Must be one of: 'HTML', 'XML', 'TEXT', 'JAVASCRIPT', 'CSS', 'RAW'. Using default Template Mode 'HTML'.
mall 2019-05-10 00:10:41.415 INFO      [main]  org.apache.coyote.http11.Http11NioProtocol log- Starting ProtocolHandler ["http-nio-8081"]
mall 2019-05-10 00:10:41.441 INFO      [main]  org.springframework.boot.web.embedded.tomcat.TomcatWebServer start- Tomcat started on port(s): 8081 (http) with context path ''
mall 2019-05-10 00:10:41.445 INFO      [main]  com.office.mall.web.MallWebApplication logStarted- Started MallWebApplication in 4.733 seconds (JVM running for 5.793)
mall 2019-05-10 00:10:44.200 INFO      [http-nio-8081-exec-2]  org.apache.catalina.core.ContainerBase.[Tomcat].[localhost].[/] log- Initializing Spring DispatcherServlet 'dispatcherServlet'
mall 2019-05-10 00:10:44.201 INFO      [http-nio-8081-exec-2]  org.springframework.web.servlet.DispatcherServlet initServletBean- Initializing Servlet 'dispatcherServlet'
mall 2019-05-10 00:10:44.210 INFO      [http-nio-8081-exec-2]  org.springframework.web.servlet.DispatcherServlet initServletBean- Completed initialization in 9 ms
mall 2019-05-10 00:10:44.740 WARN      [http-nio-8081-exec-7]  org.springframework.web.servlet.PageNotFound noHandlerFound- No mapping for GET /img/wx_cz.jpg
mall 2019-05-10 00:10:44.775 WARN      [http-nio-8081-exec-1]  org.springframework.web.servlet.PageNotFound noHandlerFound- No mapping for GET /img/today03.png
mall 2019-05-10 00:10:44.776 WARN      [http-nio-8081-exec-2]  org.springframework.web.servlet.PageNotFound noHandlerFound- No mapping for GET /img/today04.png
mall 2019-05-10 00:10:44.779 WARN      [http-nio-8081-exec-10]  org.springframework.web.servlet.PageNotFound noHandlerFound- No mapping for GET /img/today02.png
mall 2019-05-10 00:10:44.779 WARN      [http-nio-8081-exec-9]  org.springframework.web.servlet.PageNotFound noHandlerFound- No mapping for GET /img/today01.png
mall 2019-05-10 00:10:44.780 WARN      [http-nio-8081-exec-4]  org.springframework.web.servlet.PageNotFound noHandlerFound- No mapping for GET /img/like_02.png
mall 2019-05-10 00:11:10.382 INFO      [http-nio-8081-exec-2]  com.alibaba.druid.pool.DruidDataSource init- {dataSource-1} inited
mall 2019-05-10 00:11:10.564 DEBUG     [http-nio-8081-exec-2]  com.office.mall.dao.UserMapper.select debug- ==>  Preparing: select id, username, password, phone, status, icon, create_time, last_login_time from ums_user where username = ? and password = ? 
mall 2019-05-10 00:11:10.580 DEBUG     [http-nio-8081-exec-2]  com.office.mall.dao.UserMapper.select debug- ==> Parameters: szm(String), 123456(String)
mall 2019-05-10 00:11:10.611 DEBUG     [http-nio-8081-exec-2]  com.office.mall.dao.UserMapper.select debug- <==      Total: 1
mall 2019-05-10 00:11:10.782 WARN      [http-nio-8081-exec-1]  org.springframework.web.servlet.PageNotFound noHandlerFound- No mapping for GET /img/today01.png
mall 2019-05-10 00:11:10.783 WARN      [http-nio-8081-exec-10]  org.springframework.web.servlet.PageNotFound noHandlerFound- No mapping for GET /img/today03.png
mall 2019-05-10 00:11:10.785 WARN      [http-nio-8081-exec-2]  org.springframework.web.servlet.PageNotFound noHandlerFound- No mapping for GET /img/today04.png
mall 2019-05-10 00:11:10.783 WARN      [http-nio-8081-exec-6]  org.springframework.web.servlet.PageNotFound noHandlerFound- No mapping for GET /img/today02.png
mall 2019-05-10 00:11:10.788 WARN      [http-nio-8081-exec-1]  org.springframework.web.servlet.PageNotFound noHandlerFound- No mapping for GET /img/like_02.png
mall 2019-05-10 00:11:10.805 WARN      [http-nio-8081-exec-8]  org.springframework.web.servlet.PageNotFound noHandlerFound- No mapping for GET /img/wx_cz.jpg
