mall 2019-04-26 16:18:23.695 INFO      [main]  com.office.mall.web.MallWebApplication logStarting- Starting MallWebApplication on 遇见 with PID 7820 (D:\J\GraduationProject\mall2\mall-web\target\classes started by 王 in D:\J\GraduationProject\mall2)
mall 2019-04-26 16:18:23.717 DEBUG     [main]  com.office.mall.web.MallWebApplication logStarting- Running with Spring Boot v2.1.4.RELEASE, Spring v5.1.6.RELEASE
mall 2019-04-26 16:18:23.717 INFO      [main]  com.office.mall.web.MallWebApplication logStartupProfileInfo- No active profile set, falling back to default profiles: default
mall 2019-04-26 16:18:45.702 INFO      [main]  org.springframework.boot.web.embedded.tomcat.TomcatWebServer initialize- Tomcat initialized with port(s): 8081 (http)
mall 2019-04-26 16:18:45.791 INFO      [main]  org.apache.coyote.http11.Http11NioProtocol log- Initializing ProtocolHandler ["http-nio-8081"]
mall 2019-04-26 16:18:45.807 INFO      [main]  org.apache.catalina.core.StandardService log- Starting service [Tomcat]
mall 2019-04-26 16:18:45.808 INFO      [main]  org.apache.catalina.core.StandardEngine log- Starting Servlet engine: [Apache Tomcat/9.0.17]
mall 2019-04-26 16:18:45.827 INFO      [main]  org.apache.catalina.core.AprLifecycleListener log- An older version [1.2.17] of the APR based Apache Tomcat Native library is installed, while Tomcat recommends a minimum version of [1.2.21]
mall 2019-04-26 16:18:45.827 INFO      [main]  org.apache.catalina.core.AprLifecycleListener log- Loaded APR based Apache Tomcat Native library [1.2.17] using APR version [1.6.3].
mall 2019-04-26 16:18:45.827 INFO      [main]  org.apache.catalina.core.AprLifecycleListener log- APR capabilities: IPv6 [true], sendfile [true], accept filters [false], random [true].
mall 2019-04-26 16:18:45.828 INFO      [main]  org.apache.catalina.core.AprLifecycleListener log- APR/OpenSSL configuration: useAprConnector [false], useOpenSSL [true]
mall 2019-04-26 16:18:47.286 INFO      [main]  org.apache.catalina.core.AprLifecycleListener log- OpenSSL successfully initialized [OpenSSL 1.0.2o  27 Mar 2018]
mall 2019-04-26 16:18:50.333 INFO      [main]  org.apache.catalina.core.ContainerBase.[Tomcat].[localhost].[/] log- Initializing Spring embedded WebApplicationContext
mall 2019-04-26 16:18:50.334 INFO      [main]  org.springframework.web.context.ContextLoader prepareWebApplicationContext- Root WebApplicationContext: initialization completed in 26035 ms
mall 2019-04-26 16:18:54.307 WARN      [main]  org.thymeleaf.templatemode.TemplateMode parse- [THYMELEAF][main] Unknown Template Mode 'HTML5 '. Must be one of: 'HTML', 'XML', 'TEXT', 'JAVASCRIPT', 'CSS', 'RAW'. Using default Template Mode 'HTML'.
mall 2019-04-26 16:18:54.609 INFO      [main]  org.apache.coyote.http11.Http11NioProtocol log- Starting ProtocolHandler ["http-nio-8081"]
mall 2019-04-26 16:18:54.659 INFO      [main]  org.springframework.boot.web.embedded.tomcat.TomcatWebServer start- Tomcat started on port(s): 8081 (http) with context path ''
mall 2019-04-26 16:18:54.662 INFO      [main]  com.office.mall.web.MallWebApplication logStarted- Started MallWebApplication in 37.284 seconds (JVM running for 43.812)
mall 2019-04-26 16:19:11.112 INFO      [http-nio-8081-exec-1]  org.apache.catalina.core.ContainerBase.[Tomcat].[localhost].[/] log- Initializing Spring DispatcherServlet 'dispatcherServlet'
mall 2019-04-26 16:19:11.113 INFO      [http-nio-8081-exec-1]  org.springframework.web.servlet.DispatcherServlet initServletBean- Initializing Servlet 'dispatcherServlet'
mall 2019-04-26 16:19:11.122 INFO      [http-nio-8081-exec-1]  org.springframework.web.servlet.DispatcherServlet initServletBean- Completed initialization in 9 ms
mall 2019-04-26 16:19:14.922 WARN      [http-nio-8081-exec-4]  org.springframework.web.servlet.PageNotFound noHandlerFound- No mapping for GET /assets/img/favicon.ico
mall 2019-04-26 16:19:15.768 WARN      [http-nio-8081-exec-6]  org.springframework.web.servlet.PageNotFound noHandlerFound- No mapping for GET /img/wx_cz.jpg
mall 2019-04-26 16:19:34.719 INFO      [http-nio-8081-exec-9]  com.alibaba.druid.pool.DruidDataSource init- {dataSource-1} inited
mall 2019-04-26 16:19:37.908 DEBUG     [http-nio-8081-exec-9]  com.office.mall.dao.AdminMapper.select debug- ==>  Preparing: select id, username, password, icon, email, note, create_time, login_time, status from ums_admin where username = ? and password = ? 
mall 2019-04-26 16:19:37.928 DEBUG     [http-nio-8081-exec-9]  com.office.mall.dao.AdminMapper.select debug- ==> Parameters: admin(String), 123456(String)
mall 2019-04-26 16:19:38.412 DEBUG     [http-nio-8081-exec-9]  com.office.mall.dao.AdminMapper.select debug- <==      Total: 1
mall 2019-04-26 16:19:53.826 DEBUG     [http-nio-8081-exec-8]  com.office.mall.dao.AdminMapper.select debug- ==>  Preparing: select id, username, password, icon, email, note, create_time, login_time, status from ums_admin where username = ? and password = ? 
mall 2019-04-26 16:19:53.828 DEBUG     [http-nio-8081-exec-8]  com.office.mall.dao.AdminMapper.select debug- ==> Parameters: admin(String), 123456(String)
mall 2019-04-26 16:19:53.832 DEBUG     [http-nio-8081-exec-8]  com.office.mall.dao.AdminMapper.select debug- <==      Total: 1
mall 2019-04-26 16:44:38.097 INFO      [main]  com.office.mall.web.MallWebApplication logStarting- Starting MallWebApplication on 遇见 with PID 5624 (D:\J\GraduationProject\mall2\mall-web\target\classes started by 王 in D:\J\GraduationProject\mall2)
mall 2019-04-26 16:44:38.359 DEBUG     [main]  com.office.mall.web.MallWebApplication logStarting- Running with Spring Boot v2.1.4.RELEASE, Spring v5.1.6.RELEASE
mall 2019-04-26 16:44:38.359 INFO      [main]  com.office.mall.web.MallWebApplication logStartupProfileInfo- No active profile set, falling back to default profiles: default
mall 2019-04-26 16:44:56.463 INFO      [main]  org.springframework.boot.web.embedded.tomcat.TomcatWebServer initialize- Tomcat initialized with port(s): 8081 (http)
mall 2019-04-26 16:44:56.639 INFO      [main]  org.apache.coyote.http11.Http11NioProtocol log- Initializing ProtocolHandler ["http-nio-8081"]
mall 2019-04-26 16:44:56.701 INFO      [main]  org.apache.catalina.core.StandardService log- Starting service [Tomcat]
mall 2019-04-26 16:44:56.702 INFO      [main]  org.apache.catalina.core.StandardEngine log- Starting Servlet engine: [Apache Tomcat/9.0.17]
mall 2019-04-26 16:44:56.724 INFO      [main]  org.apache.catalina.core.AprLifecycleListener log- An older version [1.2.17] of the APR based Apache Tomcat Native library is installed, while Tomcat recommends a minimum version of [1.2.21]
mall 2019-04-26 16:44:56.725 INFO      [main]  org.apache.catalina.core.AprLifecycleListener log- Loaded APR based Apache Tomcat Native library [1.2.17] using APR version [1.6.3].
mall 2019-04-26 16:44:56.725 INFO      [main]  org.apache.catalina.core.AprLifecycleListener log- APR capabilities: IPv6 [true], sendfile [true], accept filters [false], random [true].
mall 2019-04-26 16:44:56.725 INFO      [main]  org.apache.catalina.core.AprLifecycleListener log- APR/OpenSSL configuration: useAprConnector [false], useOpenSSL [true]
mall 2019-04-26 16:44:58.107 INFO      [main]  org.apache.catalina.core.AprLifecycleListener log- OpenSSL successfully initialized [OpenSSL 1.0.2o  27 Mar 2018]
mall 2019-04-26 16:45:07.931 INFO      [main]  org.apache.catalina.core.ContainerBase.[Tomcat].[localhost].[/] log- Initializing Spring embedded WebApplicationContext
mall 2019-04-26 16:45:07.931 INFO      [main]  org.springframework.web.context.ContextLoader prepareWebApplicationContext- Root WebApplicationContext: initialization completed in 28684 ms
mall 2019-04-26 16:45:15.017 WARN      [main]  org.thymeleaf.templatemode.TemplateMode parse- [THYMELEAF][main] Unknown Template Mode 'HTML5 '. Must be one of: 'HTML', 'XML', 'TEXT', 'JAVASCRIPT', 'CSS', 'RAW'. Using default Template Mode 'HTML'.
mall 2019-04-26 16:45:15.498 INFO      [main]  org.apache.coyote.http11.Http11NioProtocol log- Starting ProtocolHandler ["http-nio-8081"]
mall 2019-04-26 16:45:16.019 INFO      [main]  org.springframework.boot.web.embedded.tomcat.TomcatWebServer start- Tomcat started on port(s): 8081 (http) with context path ''
mall 2019-04-26 16:45:16.025 INFO      [main]  com.office.mall.web.MallWebApplication logStarted- Started MallWebApplication in 42.999 seconds (JVM running for 62.493)
mall 2019-04-26 16:45:20.837 INFO      [http-nio-8081-exec-1]  org.apache.catalina.core.ContainerBase.[Tomcat].[localhost].[/] log- Initializing Spring DispatcherServlet 'dispatcherServlet'
mall 2019-04-26 16:45:20.838 INFO      [http-nio-8081-exec-1]  org.springframework.web.servlet.DispatcherServlet initServletBean- Initializing Servlet 'dispatcherServlet'
mall 2019-04-26 16:45:20.850 INFO      [http-nio-8081-exec-1]  org.springframework.web.servlet.DispatcherServlet initServletBean- Completed initialization in 11 ms
mall 2019-04-26 16:45:22.879 WARN      [http-nio-8081-exec-4]  org.springframework.web.servlet.PageNotFound noHandlerFound- No mapping for GET /img/wx_cz.jpg
mall 2019-04-26 16:45:23.050 WARN      [http-nio-8081-exec-2]  org.springframework.web.servlet.PageNotFound noHandlerFound- No mapping for GET /assets/img/favicon.ico
mall 2019-04-26 16:45:36.930 INFO      [http-nio-8081-exec-3]  com.alibaba.druid.pool.DruidDataSource init- {dataSource-1} inited
mall 2019-04-26 16:45:37.272 DEBUG     [http-nio-8081-exec-3]  com.office.mall.dao.AdminMapper.select debug- ==>  Preparing: select id, username, password, icon, email, note, create_time, login_time, status from ums_admin where username = ? and password = ? 
mall 2019-04-26 16:45:37.289 DEBUG     [http-nio-8081-exec-3]  com.office.mall.dao.AdminMapper.select debug- ==> Parameters: admin(String), 123456(String)
mall 2019-04-26 16:45:37.317 DEBUG     [http-nio-8081-exec-3]  com.office.mall.dao.AdminMapper.select debug- <==      Total: 1
mall 2019-04-26 16:46:50.142 DEBUG     [http-nio-8081-exec-5]  com.office.mall.dao.AdminMapper.select debug- ==>  Preparing: select id, username, password, icon, email, note, create_time, login_time, status from ums_admin where username = ? and password = ? 
mall 2019-04-26 16:46:50.143 DEBUG     [http-nio-8081-exec-5]  com.office.mall.dao.AdminMapper.select debug- ==> Parameters: admin(String), 123456(String)
mall 2019-04-26 16:46:50.145 DEBUG     [http-nio-8081-exec-5]  com.office.mall.dao.AdminMapper.select debug- <==      Total: 1
mall 2019-04-26 16:47:14.038 INFO      [main]  com.office.mall.web.MallWebApplication logStarting- Starting MallWebApplication on 遇见 with PID 3208 (D:\J\GraduationProject\mall2\mall-web\target\classes started by 王 in D:\J\GraduationProject\mall2)
mall 2019-04-26 16:47:14.106 DEBUG     [main]  com.office.mall.web.MallWebApplication logStarting- Running with Spring Boot v2.1.4.RELEASE, Spring v5.1.6.RELEASE
mall 2019-04-26 16:47:14.107 INFO      [main]  com.office.mall.web.MallWebApplication logStartupProfileInfo- No active profile set, falling back to default profiles: default
mall 2019-04-26 16:47:23.069 INFO      [main]  org.springframework.boot.web.embedded.tomcat.TomcatWebServer initialize- Tomcat initialized with port(s): 8081 (http)
mall 2019-04-26 16:47:23.744 INFO      [main]  org.apache.coyote.http11.Http11NioProtocol log- Initializing ProtocolHandler ["http-nio-8081"]
mall 2019-04-26 16:47:23.797 INFO      [main]  org.apache.catalina.core.StandardService log- Starting service [Tomcat]
mall 2019-04-26 16:47:23.798 INFO      [main]  org.apache.catalina.core.StandardEngine log- Starting Servlet engine: [Apache Tomcat/9.0.17]
mall 2019-04-26 16:47:23.989 INFO      [main]  org.apache.catalina.core.AprLifecycleListener log- An older version [1.2.17] of the APR based Apache Tomcat Native library is installed, while Tomcat recommends a minimum version of [1.2.21]
mall 2019-04-26 16:47:23.990 INFO      [main]  org.apache.catalina.core.AprLifecycleListener log- Loaded APR based Apache Tomcat Native library [1.2.17] using APR version [1.6.3].
mall 2019-04-26 16:47:23.990 INFO      [main]  org.apache.catalina.core.AprLifecycleListener log- APR capabilities: IPv6 [true], sendfile [true], accept filters [false], random [true].
mall 2019-04-26 16:47:23.990 INFO      [main]  org.apache.catalina.core.AprLifecycleListener log- APR/OpenSSL configuration: useAprConnector [false], useOpenSSL [true]
mall 2019-04-26 16:47:27.704 INFO      [main]  org.apache.catalina.core.AprLifecycleListener log- OpenSSL successfully initialized [OpenSSL 1.0.2o  27 Mar 2018]
mall 2019-04-26 16:47:27.965 INFO      [main]  org.apache.catalina.core.ContainerBase.[Tomcat].[localhost].[/] log- Initializing Spring embedded WebApplicationContext
mall 2019-04-26 16:47:27.966 INFO      [main]  org.springframework.web.context.ContextLoader prepareWebApplicationContext- Root WebApplicationContext: initialization completed in 13625 ms
mall 2019-04-26 16:47:28.984 WARN      [main]  org.thymeleaf.templatemode.TemplateMode parse- [THYMELEAF][main] Unknown Template Mode 'HTML5 '. Must be one of: 'HTML', 'XML', 'TEXT', 'JAVASCRIPT', 'CSS', 'RAW'. Using default Template Mode 'HTML'.
mall 2019-04-26 16:47:29.060 INFO      [main]  org.apache.coyote.http11.Http11NioProtocol log- Starting ProtocolHandler ["http-nio-8081"]
mall 2019-04-26 16:47:29.137 INFO      [main]  org.springframework.boot.web.embedded.tomcat.TomcatWebServer start- Tomcat started on port(s): 8081 (http) with context path ''
mall 2019-04-26 16:47:29.146 INFO      [main]  com.office.mall.web.MallWebApplication logStarted- Started MallWebApplication in 17.452 seconds (JVM running for 21.683)
mall 2019-04-26 16:48:13.034 INFO      [main]  com.office.mall.web.MallWebApplication logStarting- Starting MallWebApplication on 遇见 with PID 7208 (D:\J\GraduationProject\mall2\mall-web\target\classes started by 王 in D:\J\GraduationProject\mall2)
mall 2019-04-26 16:48:13.051 DEBUG     [main]  com.office.mall.web.MallWebApplication logStarting- Running with Spring Boot v2.1.4.RELEASE, Spring v5.1.6.RELEASE
mall 2019-04-26 16:48:13.052 INFO      [main]  com.office.mall.web.MallWebApplication logStartupProfileInfo- No active profile set, falling back to default profiles: default
mall 2019-04-26 16:48:14.869 INFO      [main]  org.springframework.boot.web.embedded.tomcat.TomcatWebServer initialize- Tomcat initialized with port(s): 8081 (http)
mall 2019-04-26 16:48:14.905 INFO      [main]  org.apache.coyote.http11.Http11NioProtocol log- Initializing ProtocolHandler ["http-nio-8081"]
mall 2019-04-26 16:48:14.918 INFO      [main]  org.apache.catalina.core.StandardService log- Starting service [Tomcat]
mall 2019-04-26 16:48:14.919 INFO      [main]  org.apache.catalina.core.StandardEngine log- Starting Servlet engine: [Apache Tomcat/9.0.17]
mall 2019-04-26 16:48:14.928 INFO      [main]  org.apache.catalina.core.AprLifecycleListener log- An older version [1.2.17] of the APR based Apache Tomcat Native library is installed, while Tomcat recommends a minimum version of [1.2.21]
mall 2019-04-26 16:48:14.928 INFO      [main]  org.apache.catalina.core.AprLifecycleListener log- Loaded APR based Apache Tomcat Native library [1.2.17] using APR version [1.6.3].
mall 2019-04-26 16:48:14.929 INFO      [main]  org.apache.catalina.core.AprLifecycleListener log- APR capabilities: IPv6 [true], sendfile [true], accept filters [false], random [true].
mall 2019-04-26 16:48:14.929 INFO      [main]  org.apache.catalina.core.AprLifecycleListener log- APR/OpenSSL configuration: useAprConnector [false], useOpenSSL [true]
mall 2019-04-26 16:48:15.985 INFO      [main]  org.apache.catalina.core.AprLifecycleListener log- OpenSSL successfully initialized [OpenSSL 1.0.2o  27 Mar 2018]
mall 2019-04-26 16:48:16.572 INFO      [main]  org.apache.catalina.core.ContainerBase.[Tomcat].[localhost].[/] log- Initializing Spring embedded WebApplicationContext
mall 2019-04-26 16:48:16.572 INFO      [main]  org.springframework.web.context.ContextLoader prepareWebApplicationContext- Root WebApplicationContext: initialization completed in 3430 ms
mall 2019-04-26 16:48:19.375 WARN      [main]  org.thymeleaf.templatemode.TemplateMode parse- [THYMELEAF][main] Unknown Template Mode 'HTML5 '. Must be one of: 'HTML', 'XML', 'TEXT', 'JAVASCRIPT', 'CSS', 'RAW'. Using default Template Mode 'HTML'.
mall 2019-04-26 16:48:19.457 INFO      [main]  org.apache.coyote.http11.Http11NioProtocol log- Starting ProtocolHandler ["http-nio-8081"]
mall 2019-04-26 16:48:19.490 INFO      [main]  org.springframework.boot.web.embedded.tomcat.TomcatWebServer start- Tomcat started on port(s): 8081 (http) with context path ''
mall 2019-04-26 16:48:19.495 INFO      [main]  com.office.mall.web.MallWebApplication logStarted- Started MallWebApplication in 7.605 seconds (JVM running for 13.842)
mall 2019-04-26 16:48:28.120 INFO      [http-nio-8081-exec-2]  org.apache.catalina.core.ContainerBase.[Tomcat].[localhost].[/] log- Initializing Spring DispatcherServlet 'dispatcherServlet'
mall 2019-04-26 16:48:28.121 INFO      [http-nio-8081-exec-2]  org.springframework.web.servlet.DispatcherServlet initServletBean- Initializing Servlet 'dispatcherServlet'
mall 2019-04-26 16:48:28.145 INFO      [http-nio-8081-exec-2]  org.springframework.web.servlet.DispatcherServlet initServletBean- Completed initialization in 24 ms
mall 2019-04-26 16:48:47.692 INFO      [http-nio-8081-exec-2]  com.alibaba.druid.pool.DruidDataSource init- {dataSource-1} inited
mall 2019-04-26 16:48:48.030 DEBUG     [http-nio-8081-exec-2]  com.office.mall.dao.AdminMapper.select debug- ==>  Preparing: select id, username, password, icon, email, note, create_time, login_time, status from ums_admin where username = ? and password = ? 
mall 2019-04-26 16:48:48.060 DEBUG     [http-nio-8081-exec-2]  com.office.mall.dao.AdminMapper.select debug- ==> Parameters: admin(String), 123456(String)
mall 2019-04-26 16:48:48.075 DEBUG     [http-nio-8081-exec-2]  com.office.mall.dao.AdminMapper.select debug- <==      Total: 1
mall 2019-04-26 16:52:09.712 DEBUG     [http-nio-8081-exec-2]  com.office.mall.dao.AdminMapper.select debug- ==>  Preparing: select id, username, password, icon, email, note, create_time, login_time, status from ums_admin where username = ? and password = ? 
mall 2019-04-26 16:52:09.821 DEBUG     [http-nio-8081-exec-2]  com.office.mall.dao.AdminMapper.select debug- ==> Parameters: admin(String), 123456(String)
mall 2019-04-26 16:52:09.848 DEBUG     [http-nio-8081-exec-2]  com.office.mall.dao.AdminMapper.select debug- <==      Total: 1
mall 2019-04-26 16:53:09.171 DEBUG     [http-nio-8081-exec-2]  com.office.mall.dao.AdminMapper.select debug- ==>  Preparing: select id, username, password, icon, email, note, create_time, login_time, status from ums_admin where username = ? and password = ? 
mall 2019-04-26 16:53:09.172 DEBUG     [http-nio-8081-exec-2]  com.office.mall.dao.AdminMapper.select debug- ==> Parameters: admin(String), 123456(String)
mall 2019-04-26 16:53:09.173 DEBUG     [http-nio-8081-exec-2]  com.office.mall.dao.AdminMapper.select debug- <==      Total: 1
mall 2019-04-26 16:55:20.247 INFO      [main]  com.office.mall.web.MallWebApplication logStarting- Starting MallWebApplication on 遇见 with PID 4708 (D:\J\GraduationProject\mall2\mall-web\target\classes started by 王 in D:\J\GraduationProject\mall2)
mall 2019-04-26 16:55:20.257 DEBUG     [main]  com.office.mall.web.MallWebApplication logStarting- Running with Spring Boot v2.1.4.RELEASE, Spring v5.1.6.RELEASE
mall 2019-04-26 16:55:20.258 INFO      [main]  com.office.mall.web.MallWebApplication logStartupProfileInfo- No active profile set, falling back to default profiles: default
mall 2019-04-26 16:55:28.569 INFO      [main]  org.springframework.boot.web.embedded.tomcat.TomcatWebServer initialize- Tomcat initialized with port(s): 8081 (http)
mall 2019-04-26 16:55:28.605 INFO      [main]  org.apache.coyote.http11.Http11NioProtocol log- Initializing ProtocolHandler ["http-nio-8081"]
mall 2019-04-26 16:55:28.625 INFO      [main]  org.apache.catalina.core.StandardService log- Starting service [Tomcat]
mall 2019-04-26 16:55:28.626 INFO      [main]  org.apache.catalina.core.StandardEngine log- Starting Servlet engine: [Apache Tomcat/9.0.17]
mall 2019-04-26 16:55:28.642 INFO      [main]  org.apache.catalina.core.AprLifecycleListener log- An older version [1.2.17] of the APR based Apache Tomcat Native library is installed, while Tomcat recommends a minimum version of [1.2.21]
mall 2019-04-26 16:55:28.643 INFO      [main]  org.apache.catalina.core.AprLifecycleListener log- Loaded APR based Apache Tomcat Native library [1.2.17] using APR version [1.6.3].
mall 2019-04-26 16:55:28.643 INFO      [main]  org.apache.catalina.core.AprLifecycleListener log- APR capabilities: IPv6 [true], sendfile [true], accept filters [false], random [true].
mall 2019-04-26 16:55:28.644 INFO      [main]  org.apache.catalina.core.AprLifecycleListener log- APR/OpenSSL configuration: useAprConnector [false], useOpenSSL [true]
mall 2019-04-26 16:55:29.898 INFO      [main]  org.apache.catalina.core.AprLifecycleListener log- OpenSSL successfully initialized [OpenSSL 1.0.2o  27 Mar 2018]
mall 2019-04-26 16:55:30.555 INFO      [main]  org.apache.catalina.core.ContainerBase.[Tomcat].[localhost].[/] log- Initializing Spring embedded WebApplicationContext
mall 2019-04-26 16:55:30.555 INFO      [main]  org.springframework.web.context.ContextLoader prepareWebApplicationContext- Root WebApplicationContext: initialization completed in 10099 ms
mall 2019-04-26 16:55:31.935 WARN      [main]  org.thymeleaf.templatemode.TemplateMode parse- [THYMELEAF][main] Unknown Template Mode 'HTML5 '. Must be one of: 'HTML', 'XML', 'TEXT', 'JAVASCRIPT', 'CSS', 'RAW'. Using default Template Mode 'HTML'.
mall 2019-04-26 16:55:32.055 INFO      [main]  org.apache.coyote.http11.Http11NioProtocol log- Starting ProtocolHandler ["http-nio-8081"]
mall 2019-04-26 16:55:32.098 INFO      [main]  org.springframework.boot.web.embedded.tomcat.TomcatWebServer start- Tomcat started on port(s): 8081 (http) with context path ''
mall 2019-04-26 16:55:32.101 INFO      [main]  com.office.mall.web.MallWebApplication logStarted- Started MallWebApplication in 13.055 seconds (JVM running for 19.127)
mall 2019-04-26 16:55:35.574 INFO      [http-nio-8081-exec-1]  org.apache.catalina.core.ContainerBase.[Tomcat].[localhost].[/] log- Initializing Spring DispatcherServlet 'dispatcherServlet'
mall 2019-04-26 16:55:35.575 INFO      [http-nio-8081-exec-1]  org.springframework.web.servlet.DispatcherServlet initServletBean- Initializing Servlet 'dispatcherServlet'
mall 2019-04-26 16:55:35.583 INFO      [http-nio-8081-exec-1]  org.springframework.web.servlet.DispatcherServlet initServletBean- Completed initialization in 8 ms
mall 2019-04-26 16:55:36.430 WARN      [http-nio-8081-exec-4]  org.springframework.web.servlet.PageNotFound noHandlerFound- No mapping for GET /img/wx_cz.jpg
mall 2019-04-26 16:55:36.533 WARN      [http-nio-8081-exec-3]  org.springframework.web.servlet.PageNotFound noHandlerFound- No mapping for GET /assets/img/favicon.ico
mall 2019-04-26 16:55:49.349 INFO      [http-nio-8081-exec-2]  com.alibaba.druid.pool.DruidDataSource init- {dataSource-1} inited
mall 2019-04-26 16:55:49.605 DEBUG     [http-nio-8081-exec-2]  com.office.mall.dao.AdminMapper.select debug- ==>  Preparing: select id, username, password, icon, email, note, create_time, login_time, status from ums_admin where username = ? and password = ? 
mall 2019-04-26 16:55:49.646 DEBUG     [http-nio-8081-exec-2]  com.office.mall.dao.AdminMapper.select debug- ==> Parameters: admin(String), 123456(String)
mall 2019-04-26 16:55:49.656 DEBUG     [http-nio-8081-exec-2]  com.office.mall.dao.AdminMapper.select debug- <==      Total: 1
mall 2019-04-26 16:55:55.390 WARN      [http-nio-8081-exec-7]  org.springframework.web.servlet.PageNotFound noHandlerFound- No mapping for GET /img/wx_cz.jpg
mall 2019-04-26 16:55:55.398 WARN      [http-nio-8081-exec-5]  org.springframework.web.servlet.PageNotFound noHandlerFound- No mapping for GET /assets/img/favicon.ico
mall 2019-04-26 16:59:16.790 INFO      [main]  com.office.mall.web.MallWebApplication logStarting- Starting MallWebApplication on 遇见 with PID 4604 (D:\J\GraduationProject\mall2\mall-web\target\classes started by 王 in D:\J\GraduationProject\mall2)
mall 2019-04-26 16:59:16.833 DEBUG     [main]  com.office.mall.web.MallWebApplication logStarting- Running with Spring Boot v2.1.4.RELEASE, Spring v5.1.6.RELEASE
mall 2019-04-26 16:59:16.834 INFO      [main]  com.office.mall.web.MallWebApplication logStartupProfileInfo- No active profile set, falling back to default profiles: default
mall 2019-04-26 16:59:19.313 INFO      [main]  org.springframework.boot.web.embedded.tomcat.TomcatWebServer initialize- Tomcat initialized with port(s): 8081 (http)
mall 2019-04-26 16:59:19.331 INFO      [main]  org.apache.coyote.http11.Http11NioProtocol log- Initializing ProtocolHandler ["http-nio-8081"]
mall 2019-04-26 16:59:19.342 INFO      [main]  org.apache.catalina.core.StandardService log- Starting service [Tomcat]
mall 2019-04-26 16:59:19.343 INFO      [main]  org.apache.catalina.core.StandardEngine log- Starting Servlet engine: [Apache Tomcat/9.0.17]
mall 2019-04-26 16:59:19.349 INFO      [main]  org.apache.catalina.core.AprLifecycleListener log- An older version [1.2.17] of the APR based Apache Tomcat Native library is installed, while Tomcat recommends a minimum version of [1.2.21]
mall 2019-04-26 16:59:19.350 INFO      [main]  org.apache.catalina.core.AprLifecycleListener log- Loaded APR based Apache Tomcat Native library [1.2.17] using APR version [1.6.3].
mall 2019-04-26 16:59:19.350 INFO      [main]  org.apache.catalina.core.AprLifecycleListener log- APR capabilities: IPv6 [true], sendfile [true], accept filters [false], random [true].
mall 2019-04-26 16:59:19.350 INFO      [main]  org.apache.catalina.core.AprLifecycleListener log- APR/OpenSSL configuration: useAprConnector [false], useOpenSSL [true]
mall 2019-04-26 16:59:20.415 INFO      [main]  org.apache.catalina.core.AprLifecycleListener log- OpenSSL successfully initialized [OpenSSL 1.0.2o  27 Mar 2018]
mall 2019-04-26 16:59:21.370 INFO      [main]  org.apache.catalina.core.ContainerBase.[Tomcat].[localhost].[/] log- Initializing Spring embedded WebApplicationContext
mall 2019-04-26 16:59:21.371 INFO      [main]  org.springframework.web.context.ContextLoader prepareWebApplicationContext- Root WebApplicationContext: initialization completed in 4470 ms
mall 2019-04-26 16:59:22.327 WARN      [main]  org.thymeleaf.templatemode.TemplateMode parse- [THYMELEAF][main] Unknown Template Mode 'HTML5 '. Must be one of: 'HTML', 'XML', 'TEXT', 'JAVASCRIPT', 'CSS', 'RAW'. Using default Template Mode 'HTML'.
mall 2019-04-26 16:59:22.399 INFO      [main]  org.apache.coyote.http11.Http11NioProtocol log- Starting ProtocolHandler ["http-nio-8081"]
mall 2019-04-26 16:59:22.456 INFO      [main]  org.springframework.boot.web.embedded.tomcat.TomcatWebServer start- Tomcat started on port(s): 8081 (http) with context path ''
mall 2019-04-26 16:59:22.460 INFO      [main]  com.office.mall.web.MallWebApplication logStarted- Started MallWebApplication in 7.26 seconds (JVM running for 12.573)
mall 2019-04-26 16:59:39.259 INFO      [http-nio-8081-exec-1]  org.apache.catalina.core.ContainerBase.[Tomcat].[localhost].[/] log- Initializing Spring DispatcherServlet 'dispatcherServlet'
mall 2019-04-26 16:59:39.260 INFO      [http-nio-8081-exec-1]  org.springframework.web.servlet.DispatcherServlet initServletBean- Initializing Servlet 'dispatcherServlet'
mall 2019-04-26 16:59:39.277 INFO      [http-nio-8081-exec-1]  org.springframework.web.servlet.DispatcherServlet initServletBean- Completed initialization in 16 ms
mall 2019-04-26 16:59:39.619 INFO      [http-nio-8081-exec-1]  com.alibaba.druid.pool.DruidDataSource init- {dataSource-1} inited
mall 2019-04-26 16:59:39.898 DEBUG     [http-nio-8081-exec-1]  com.office.mall.dao.AdminMapper.select debug- ==>  Preparing: select id, username, password, icon, email, note, create_time, login_time, status from ums_admin where username = ? and password = ? 
mall 2019-04-26 16:59:39.925 DEBUG     [http-nio-8081-exec-1]  com.office.mall.dao.AdminMapper.select debug- ==> Parameters: admin(String), 123456(String)
mall 2019-04-26 16:59:39.959 DEBUG     [http-nio-8081-exec-1]  com.office.mall.dao.AdminMapper.select debug- <==      Total: 1
mall 2019-04-26 16:59:45.444 WARN      [http-nio-8081-exec-6]  org.springframework.web.servlet.PageNotFound noHandlerFound- No mapping for GET /img/wx_cz.jpg
mall 2019-04-26 16:59:45.502 WARN      [http-nio-8081-exec-5]  org.springframework.web.servlet.PageNotFound noHandlerFound- No mapping for GET /assets/img/favicon.ico
mall 2019-04-26 17:00:11.928 WARN      [http-nio-8081-exec-8]  org.springframework.web.servlet.PageNotFound noHandlerFound- No mapping for GET /assets/img/favicon.ico
mall 2019-04-26 17:00:13.011 WARN      [http-nio-8081-exec-3]  org.springframework.web.servlet.PageNotFound noHandlerFound- No mapping for GET /img/wx_cz.jpg
mall 2019-04-26 17:00:40.574 DEBUG     [http-nio-8081-exec-6]  com.office.mall.dao.AdminMapper.select debug- ==>  Preparing: select id, username, password, icon, email, note, create_time, login_time, status from ums_admin where username = ? and password = ? 
mall 2019-04-26 17:00:40.575 DEBUG     [http-nio-8081-exec-6]  com.office.mall.dao.AdminMapper.select debug- ==> Parameters: admin(String), 123456(String)
mall 2019-04-26 17:00:40.578 DEBUG     [http-nio-8081-exec-6]  com.office.mall.dao.AdminMapper.select debug- <==      Total: 1
mall 2019-04-26 17:00:44.121 WARN      [http-nio-8081-exec-9]  org.springframework.web.servlet.PageNotFound noHandlerFound- No mapping for GET /img/user2-160x160.jpg
mall 2019-04-26 17:00:44.193 WARN      [http-nio-8081-exec-4]  org.springframework.web.servlet.PageNotFound noHandlerFound- No mapping for GET /img/user3-128x128.jpg
mall 2019-04-26 17:00:44.193 WARN      [http-nio-8081-exec-2]  org.springframework.web.servlet.PageNotFound noHandlerFound- No mapping for GET /img/user4-128x128.jpg
