mall 2019-06-01 17:08:46.573 INFO      [main]  com.office.mall.web.MallWebApplication logStarting- Starting MallWebApplication on DESKTOP-J5QOBS7 with PID 9544 (G:\JProject\GraduationProject\mall\mall-web\target\classes started by wangyajing in G:\JProject\GraduationProject\mall)
mall 2019-06-01 17:08:46.578 DEBUG     [main]  com.office.mall.web.MallWebApplication logStarting- Running with Spring Boot v2.1.4.RELEASE, Spring v5.1.6.RELEASE
mall 2019-06-01 17:08:46.579 INFO      [main]  com.office.mall.web.MallWebApplication logStartupProfileInfo- No active profile set, falling back to default profiles: default
mall 2019-06-01 17:08:51.155 INFO      [main]  org.springframework.boot.web.embedded.tomcat.TomcatWebServer initialize- Tomcat initialized with port(s): 8081 (http)
mall 2019-06-01 17:08:51.181 INFO      [main]  org.apache.coyote.http11.Http11NioProtocol log- Initializing ProtocolHandler ["http-nio-8081"]
mall 2019-06-01 17:08:51.205 INFO      [main]  org.apache.catalina.core.StandardService log- Starting service [Tomcat]
mall 2019-06-01 17:08:51.205 INFO      [main]  org.apache.catalina.core.StandardEngine log- Starting Servlet engine: [Apache Tomcat/9.0.17]
mall 2019-06-01 17:08:51.355 INFO      [main]  org.apache.catalina.core.ContainerBase.[Tomcat].[localhost].[/] log- Initializing Spring embedded WebApplicationContext
mall 2019-06-01 17:08:51.355 INFO      [main]  org.springframework.web.context.ContextLoader prepareWebApplicationContext- Root WebApplicationContext: initialization completed in 4517 ms
mall 2019-06-01 17:08:52.030 WARN      [main]  org.thymeleaf.templatemode.TemplateMode parse- [THYMELEAF][main] Unknown Template Mode 'HTML5 '. Must be one of: 'HTML', 'XML', 'TEXT', 'JAVASCRIPT', 'CSS', 'RAW'. Using default Template Mode 'HTML'.
mall 2019-06-01 17:08:52.164 INFO      [main]  org.apache.coyote.http11.Http11NioProtocol log- Starting ProtocolHandler ["http-nio-8081"]
mall 2019-06-01 17:08:52.192 INFO      [main]  org.springframework.boot.web.embedded.tomcat.TomcatWebServer start- Tomcat started on port(s): 8081 (http) with context path ''
mall 2019-06-01 17:08:52.195 INFO      [main]  com.office.mall.web.MallWebApplication logStarted- Started MallWebApplication in 7.324 seconds (JVM running for 8.975)
mall 2019-06-01 17:10:14.072 INFO      [http-nio-8081-exec-1]  org.apache.catalina.core.ContainerBase.[Tomcat].[localhost].[/] log- Initializing Spring DispatcherServlet 'dispatcherServlet'
mall 2019-06-01 17:10:14.073 INFO      [http-nio-8081-exec-1]  org.springframework.web.servlet.DispatcherServlet initServletBean- Initializing Servlet 'dispatcherServlet'
mall 2019-06-01 17:10:14.080 INFO      [http-nio-8081-exec-1]  org.springframework.web.servlet.DispatcherServlet initServletBean- Completed initialization in 7 ms
mall 2019-06-01 17:10:14.732 WARN      [http-nio-8081-exec-4]  org.springframework.web.servlet.PageNotFound noHandlerFound- No mapping for GET /img/wx_cz.jpg
mall 2019-06-01 17:10:14.974 WARN      [http-nio-8081-exec-7]  org.springframework.web.servlet.PageNotFound noHandlerFound- No mapping for GET /favicon.ico
mall 2019-06-01 17:10:15.145 INFO      [http-nio-8081-exec-9]  com.alibaba.druid.pool.DruidDataSource init- {dataSource-1} inited
mall 2019-06-01 17:10:15.605 DEBUG     [http-nio-8081-exec-9]  com.office.mall.dao.ProductMapper.queryList debug- ==>  Preparing: select id, shop_id, brand_id, product_category_id, product_specifications_id, name, pic, publish_status, recommand_status, verify_status, sort, price, sub_title, original_price, weight, keywords, album_pics, detail_title , description, detail_desc from pms_product 
mall 2019-06-01 17:10:15.620 DEBUG     [http-nio-8081-exec-9]  com.office.mall.dao.ProductMapper.queryList debug- ==> Parameters: 
mall 2019-06-01 17:10:15.738 DEBUG     [http-nio-8081-exec-9]  com.office.mall.dao.ProductMapper.queryList debug- <==      Total: 9
mall 2019-06-01 17:10:37.433 WARN      [http-nio-8081-exec-6]  org.springframework.web.servlet.PageNotFound noHandlerFound- No mapping for GET /img/wx_cz.jpg
mall 2019-06-01 17:10:37.493 DEBUG     [http-nio-8081-exec-3]  com.office.mall.dao.ProductMapper.queryList debug- ==>  Preparing: select id, shop_id, brand_id, product_category_id, product_specifications_id, name, pic, publish_status, recommand_status, verify_status, sort, price, sub_title, original_price, weight, keywords, album_pics, detail_title , description, detail_desc from pms_product 
mall 2019-06-01 17:10:37.494 DEBUG     [http-nio-8081-exec-3]  com.office.mall.dao.ProductMapper.queryList debug- ==> Parameters: 
mall 2019-06-01 17:10:37.499 DEBUG     [http-nio-8081-exec-3]  com.office.mall.dao.ProductMapper.queryList debug- <==      Total: 9
mall 2019-06-01 17:10:43.373 WARN      [http-nio-8081-exec-6]  org.springframework.web.servlet.PageNotFound noHandlerFound- No mapping for GET /assets/img/favicon.ico
mall 2019-06-01 17:10:57.686 DEBUG     [http-nio-8081-exec-7]  com.office.mall.dao.UserMapper.select debug- ==>  Preparing: select id, username, password, phone, status, icon, create_time, last_login_time from ums_user where username = ? and password = ? 
mall 2019-06-01 17:10:57.687 DEBUG     [http-nio-8081-exec-7]  com.office.mall.dao.UserMapper.select debug- ==> Parameters: wyj(String), 123456(String)
mall 2019-06-01 17:10:57.802 DEBUG     [http-nio-8081-exec-7]  com.office.mall.dao.UserMapper.select debug- <==      Total: 1
mall 2019-06-01 17:10:57.839 WARN      [http-nio-8081-exec-1]  org.springframework.web.servlet.PageNotFound noHandlerFound- No mapping for GET /img/wx_cz.jpg
mall 2019-06-01 17:10:57.893 DEBUG     [http-nio-8081-exec-8]  com.office.mall.dao.ProductMapper.queryList debug- ==>  Preparing: select id, shop_id, brand_id, product_category_id, product_specifications_id, name, pic, publish_status, recommand_status, verify_status, sort, price, sub_title, original_price, weight, keywords, album_pics, detail_title , description, detail_desc from pms_product 
mall 2019-06-01 17:10:57.894 DEBUG     [http-nio-8081-exec-8]  com.office.mall.dao.ProductMapper.queryList debug- ==> Parameters: 
mall 2019-06-01 17:10:57.900 DEBUG     [http-nio-8081-exec-8]  com.office.mall.dao.ProductMapper.queryList debug- <==      Total: 9
mall 2019-06-01 17:12:41.612 WARN      [http-nio-8081-exec-10]  org.springframework.web.servlet.PageNotFound noHandlerFound- No mapping for GET /img/wx_cz.jpg
mall 2019-06-01 17:12:44.685 DEBUG     [http-nio-8081-exec-6]  com.office.mall.dao.AdminMapper.select debug- ==>  Preparing: select id, username, password, icon, email, note, create_time, login_time, status from ums_admin where username = ? and password = ? and status =1 
mall 2019-06-01 17:12:44.686 DEBUG     [http-nio-8081-exec-6]  com.office.mall.dao.AdminMapper.select debug- ==> Parameters: admin(String), 1234567(String)
mall 2019-06-01 17:12:44.696 DEBUG     [http-nio-8081-exec-6]  com.office.mall.dao.AdminMapper.select debug- <==      Total: 1
mall 2019-06-01 17:18:20.175 DEBUG     [http-nio-8081-exec-10]  com.office.mall.dao.ShopMapper.queryList debug- ==>  Preparing: select id, account, password, shop_name, company_name, company_address, linkman_name, linkman_phone, license_number, legalman, legalman_id, bank_name, bank_count, description,register_time,status from ums_shop WHERE shop_name like CONCAT('%',replace(replace(?,'%','\%'),'_','\_'),'%') and status = ? 
mall 2019-06-01 17:18:20.176 DEBUG     [http-nio-8081-exec-10]  com.office.mall.dao.ShopMapper.queryList debug- ==> Parameters: (String), 0(Integer)
mall 2019-06-01 17:18:20.253 DEBUG     [http-nio-8081-exec-10]  com.office.mall.dao.ShopMapper.queryList debug- <==      Total: 1
mall 2019-06-01 17:18:21.820 DEBUG     [http-nio-8081-exec-8]  com.office.mall.dao.ShopMapper.queryList debug- ==>  Preparing: select id, account, password, shop_name, company_name, company_address, linkman_name, linkman_phone, license_number, legalman, legalman_id, bank_name, bank_count, description,register_time,status from ums_shop WHERE shop_name like CONCAT('%',replace(replace(?,'%','\%'),'_','\_'),'%') 
mall 2019-06-01 17:18:21.821 DEBUG     [http-nio-8081-exec-8]  com.office.mall.dao.ShopMapper.queryList debug- ==> Parameters: (String)
mall 2019-06-01 17:18:21.822 DEBUG     [http-nio-8081-exec-8]  com.office.mall.dao.ShopMapper.queryList debug- <==      Total: 2
mall 2019-06-01 17:19:31.052 DEBUG     [http-nio-8081-exec-2]  com.office.mall.dao.ShopMapper.queryList debug- ==>  Preparing: select id, account, password, shop_name, company_name, company_address, linkman_name, linkman_phone, license_number, legalman, legalman_id, bank_name, bank_count, description,register_time,status from ums_shop WHERE shop_name like CONCAT('%',replace(replace(?,'%','\%'),'_','\_'),'%') and status = ? 
mall 2019-06-01 17:19:31.053 DEBUG     [http-nio-8081-exec-2]  com.office.mall.dao.ShopMapper.queryList debug- ==> Parameters: (String), 0(Integer)
mall 2019-06-01 17:19:31.055 DEBUG     [http-nio-8081-exec-2]  com.office.mall.dao.ShopMapper.queryList debug- <==      Total: 1
mall 2019-06-01 17:19:32.809 DEBUG     [http-nio-8081-exec-4]  com.office.mall.dao.ShopMapper.queryList debug- ==>  Preparing: select id, account, password, shop_name, company_name, company_address, linkman_name, linkman_phone, license_number, legalman, legalman_id, bank_name, bank_count, description,register_time,status from ums_shop WHERE shop_name like CONCAT('%',replace(replace(?,'%','\%'),'_','\_'),'%') 
mall 2019-06-01 17:19:32.810 DEBUG     [http-nio-8081-exec-4]  com.office.mall.dao.ShopMapper.queryList debug- ==> Parameters: (String)
mall 2019-06-01 17:19:32.812 DEBUG     [http-nio-8081-exec-4]  com.office.mall.dao.ShopMapper.queryList debug- <==      Total: 2
mall 2019-06-01 17:19:40.192 DEBUG     [http-nio-8081-exec-5]  com.office.mall.dao.ProductMapper.queryList debug- ==>  Preparing: select id, shop_id, brand_id, product_category_id, product_specifications_id, name, pic, publish_status, recommand_status, verify_status, sort, price, sub_title, original_price, weight, keywords, album_pics, detail_title , description, detail_desc from pms_product WHERE name like CONCAT('%',replace(replace(?,'%','\%'),'_','\_'),'%') 
mall 2019-06-01 17:19:40.193 DEBUG     [http-nio-8081-exec-5]  com.office.mall.dao.ProductMapper.queryList debug- ==> Parameters: (String)
mall 2019-06-01 17:19:40.196 DEBUG     [http-nio-8081-exec-5]  com.office.mall.dao.ProductMapper.queryList debug- <==      Total: 9
mall 2019-06-01 17:20:26.240 DEBUG     [http-nio-8081-exec-8]  com.office.mall.dao.ShopMapper.selectByPrimaryKey debug- ==>  Preparing: select id, account, password, shop_name, company_name, company_address, linkman_name, linkman_phone, license_number, legalman, legalman_id, bank_name, bank_count, description,register_time,status from ums_shop where id = ? 
mall 2019-06-01 17:20:26.241 DEBUG     [http-nio-8081-exec-8]  com.office.mall.dao.ShopMapper.selectByPrimaryKey debug- ==> Parameters: 1(Integer)
mall 2019-06-01 17:20:26.326 DEBUG     [http-nio-8081-exec-8]  com.office.mall.dao.ShopMapper.selectByPrimaryKey debug- <==      Total: 1
mall 2019-06-01 17:20:26.327 DEBUG     [http-nio-8081-exec-8]  com.office.mall.dao.BrandMapper.selectByPrimaryKey debug- ==>  Preparing: select id, name, first_letter, logo from pms_brand where id = ? 
mall 2019-06-01 17:20:26.327 DEBUG     [http-nio-8081-exec-8]  com.office.mall.dao.BrandMapper.selectByPrimaryKey debug- ==> Parameters: 1(Integer)
mall 2019-06-01 17:20:26.337 DEBUG     [http-nio-8081-exec-8]  com.office.mall.dao.BrandMapper.selectByPrimaryKey debug- <==      Total: 1
mall 2019-06-01 17:20:26.339 DEBUG     [http-nio-8081-exec-8]  com.office.mall.dao.ProductMapper.selectByPrimaryKey debug- ==>  Preparing: select id, shop_id, brand_id, product_category_id, product_specifications_id, name, pic, publish_status, recommand_status, verify_status, sort, price, sub_title, original_price, weight, keywords, album_pics, detail_title , description, detail_desc from pms_product where id = ? and shop_id = ? and brand_id = ? 
mall 2019-06-01 17:20:26.339 DEBUG     [http-nio-8081-exec-8]  com.office.mall.dao.ProductMapper.selectByPrimaryKey debug- ==> Parameters: 1(Integer), 1(Integer), 1(Integer)
mall 2019-06-01 17:20:26.340 DEBUG     [http-nio-8081-exec-8]  com.office.mall.dao.ProductMapper.selectByPrimaryKey debug- <==      Total: 1
mall 2019-06-01 17:21:50.836 DEBUG     [http-nio-8081-exec-3]  com.office.mall.dao.ShopMapper.queryList debug- ==>  Preparing: select id, account, password, shop_name, company_name, company_address, linkman_name, linkman_phone, license_number, legalman, legalman_id, bank_name, bank_count, description,register_time,status from ums_shop WHERE shop_name like CONCAT('%',replace(replace(?,'%','\%'),'_','\_'),'%') and status = ? 
mall 2019-06-01 17:21:50.837 DEBUG     [http-nio-8081-exec-3]  com.office.mall.dao.ShopMapper.queryList debug- ==> Parameters: (String), 0(Integer)
mall 2019-06-01 17:21:50.839 DEBUG     [http-nio-8081-exec-3]  com.office.mall.dao.ShopMapper.queryList debug- <==      Total: 1
mall 2019-06-01 17:21:52.370 WARN      [http-nio-8081-exec-2]  org.springframework.web.servlet.mvc.support.DefaultHandlerExceptionResolver logException- Resolved [org.springframework.web.method.annotation.MethodArgumentTypeMismatchException: Failed to convert value of type 'java.lang.String' to required type 'java.lang.Integer'; nested exception is java.lang.NumberFormatException: For input string: "null"]
mall 2019-06-01 17:21:57.636 DEBUG     [http-nio-8081-exec-4]  com.office.mall.dao.ShopMapper.queryList debug- ==>  Preparing: select id, account, password, shop_name, company_name, company_address, linkman_name, linkman_phone, license_number, legalman, legalman_id, bank_name, bank_count, description,register_time,status from ums_shop WHERE shop_name like CONCAT('%',replace(replace(?,'%','\%'),'_','\_'),'%') 
mall 2019-06-01 17:21:57.637 DEBUG     [http-nio-8081-exec-4]  com.office.mall.dao.ShopMapper.queryList debug- ==> Parameters: (String)
mall 2019-06-01 17:21:57.639 DEBUG     [http-nio-8081-exec-4]  com.office.mall.dao.ShopMapper.queryList debug- <==      Total: 2
mall 2019-06-01 17:21:59.323 WARN      [http-nio-8081-exec-7]  org.springframework.web.servlet.mvc.support.DefaultHandlerExceptionResolver logException- Resolved [org.springframework.web.method.annotation.MethodArgumentTypeMismatchException: Failed to convert value of type 'java.lang.String' to required type 'java.lang.Integer'; nested exception is java.lang.NumberFormatException: For input string: "null"]
mall 2019-06-01 17:24:54.480 DEBUG     [http-nio-8081-exec-9]  com.office.mall.dao.AdminMapper.queryList debug- ==>  Preparing: select id, username, password, icon, email, note, create_time, login_time, status from ums_admin WHERE username like CONCAT('%',replace(replace(?,'%','\%'),'_','\_'),'%') 
mall 2019-06-01 17:24:54.481 DEBUG     [http-nio-8081-exec-9]  com.office.mall.dao.AdminMapper.queryList debug- ==> Parameters: (String)
mall 2019-06-01 17:24:54.483 DEBUG     [http-nio-8081-exec-9]  com.office.mall.dao.AdminMapper.queryList debug- <==      Total: 1
mall 2019-06-01 17:27:38.867 DEBUG     [http-nio-8081-exec-1]  com.office.mall.dao.BrandMapper.queryList debug- ==>  Preparing: select id, name, first_letter, logo from pms_brand 
mall 2019-06-01 17:27:38.868 DEBUG     [http-nio-8081-exec-1]  com.office.mall.dao.BrandMapper.queryList debug- ==> Parameters: 
mall 2019-06-01 17:27:38.869 DEBUG     [http-nio-8081-exec-1]  com.office.mall.dao.BrandMapper.queryList debug- <==      Total: 7
mall 2019-06-01 17:29:05.860 WARN      [http-nio-8081-exec-10]  org.springframework.web.servlet.PageNotFound noHandlerFound- No mapping for GET /img/user2-160x160.jpg
mall 2019-06-01 17:29:05.860 WARN      [http-nio-8081-exec-5]  org.springframework.web.servlet.PageNotFound noHandlerFound- No mapping for GET /img/user3-128x128.jpg
mall 2019-06-01 17:29:05.877 WARN      [http-nio-8081-exec-8]  org.springframework.web.servlet.PageNotFound noHandlerFound- No mapping for GET /img/user4-128x128.jpg
mall 2019-06-01 17:32:05.440 WARN      [http-nio-8081-exec-5]  org.springframework.web.servlet.PageNotFound noHandlerFound- No mapping for GET /img/user3-128x128.jpg
mall 2019-06-01 17:32:05.440 WARN      [http-nio-8081-exec-7]  org.springframework.web.servlet.PageNotFound noHandlerFound- No mapping for GET /img/user2-160x160.jpg
mall 2019-06-01 17:32:05.463 WARN      [http-nio-8081-exec-10]  org.springframework.web.servlet.PageNotFound noHandlerFound- No mapping for GET /img/user4-128x128.jpg
mall 2019-06-01 17:32:29.050 DEBUG     [http-nio-8081-exec-6]  com.office.mall.dao.ProductMapper.queryList debug- ==>  Preparing: select id, shop_id, brand_id, product_category_id, product_specifications_id, name, pic, publish_status, recommand_status, verify_status, sort, price, sub_title, original_price, weight, keywords, album_pics, detail_title , description, detail_desc from pms_product WHERE name like CONCAT('%',replace(replace(?,'%','\%'),'_','\_'),'%') 
mall 2019-06-01 17:32:29.050 DEBUG     [http-nio-8081-exec-6]  com.office.mall.dao.ProductMapper.queryList debug- ==> Parameters: (String)
mall 2019-06-01 17:32:29.053 DEBUG     [http-nio-8081-exec-6]  com.office.mall.dao.ProductMapper.queryList debug- <==      Total: 9
