mall 2019-06-02 15:58:51.021 DEBUG     [background-preinit]  org.hibernate.validator.messageinterpolation.ResourceBundleMessageInterpolator buildExpressionFactory- Loaded expression factory via original TCCL
mall 2019-06-02 15:58:51.704 INFO      [main]  com.office.mall.web.MallWebApplication logStarting- Starting MallWebApplication on DESKTOP-J5QOBS7 with PID 14576 (G:\JProject\GraduationProject\mall\mall-web\target\classes started by wangyajing in G:\JProject\GraduationProject\mall)
mall 2019-06-02 15:58:51.705 DEBUG     [main]  com.office.mall.web.MallWebApplication logStarting- Running with Spring Boot v2.1.4.RELEASE, Spring v5.1.6.RELEASE
mall 2019-06-02 15:58:51.706 INFO      [main]  com.office.mall.web.MallWebApplication logStartupProfileInfo- No active profile set, falling back to default profiles: default
mall 2019-06-02 15:58:56.629 INFO      [main]  org.springframework.boot.web.embedded.tomcat.TomcatWebServer initialize- Tomcat initialized with port(s): 8081 (http)
mall 2019-06-02 15:58:56.658 INFO      [main]  org.apache.coyote.http11.Http11NioProtocol log- Initializing ProtocolHandler ["http-nio-8081"]
mall 2019-06-02 15:58:56.682 INFO      [main]  org.apache.catalina.core.StandardService log- Starting service [Tomcat]
mall 2019-06-02 15:58:56.683 INFO      [main]  org.apache.catalina.core.StandardEngine log- Starting Servlet engine: [Apache Tomcat/9.0.17]
mall 2019-06-02 15:58:56.885 INFO      [main]  org.apache.catalina.core.ContainerBase.[Tomcat].[localhost].[/] log- Initializing Spring embedded WebApplicationContext
mall 2019-06-02 15:58:56.885 INFO      [main]  org.springframework.web.context.ContextLoader prepareWebApplicationContext- Root WebApplicationContext: initialization completed in 4704 ms
mall 2019-06-02 15:58:57.733 WARN      [main]  org.thymeleaf.templatemode.TemplateMode parse- [THYMELEAF][main] Unknown Template Mode 'HTML5 '. Must be one of: 'HTML', 'XML', 'TEXT', 'JAVASCRIPT', 'CSS', 'RAW'. Using default Template Mode 'HTML'.
mall 2019-06-02 15:58:57.831 INFO      [main]  org.apache.coyote.http11.Http11NioProtocol log- Starting ProtocolHandler ["http-nio-8081"]
mall 2019-06-02 15:58:57.869 INFO      [main]  org.springframework.boot.web.embedded.tomcat.TomcatWebServer start- Tomcat started on port(s): 8081 (http) with context path ''
mall 2019-06-02 15:58:57.876 INFO      [main]  com.office.mall.web.MallWebApplication logStarted- Started MallWebApplication in 7.72 seconds (JVM running for 8.85)
mall 2019-06-02 15:59:58.525 INFO      [http-nio-8081-exec-1]  org.apache.catalina.core.ContainerBase.[Tomcat].[localhost].[/] log- Initializing Spring DispatcherServlet 'dispatcherServlet'
mall 2019-06-02 15:59:58.526 INFO      [http-nio-8081-exec-1]  org.springframework.web.servlet.DispatcherServlet initServletBean- Initializing Servlet 'dispatcherServlet'
mall 2019-06-02 15:59:58.534 INFO      [http-nio-8081-exec-1]  org.springframework.web.servlet.DispatcherServlet initServletBean- Completed initialization in 8 ms
mall 2019-06-02 15:59:59.008 WARN      [http-nio-8081-exec-7]  org.springframework.web.servlet.PageNotFound noHandlerFound- No mapping for GET /img/wx_cz.jpg
mall 2019-06-02 15:59:59.180 WARN      [http-nio-8081-exec-1]  org.springframework.web.servlet.PageNotFound noHandlerFound- No mapping for GET /favicon.ico
mall 2019-06-02 15:59:59.296 INFO      [http-nio-8081-exec-10]  com.alibaba.druid.pool.DruidDataSource init- {dataSource-1} inited
mall 2019-06-02 15:59:59.484 DEBUG     [http-nio-8081-exec-10]  com.office.mall.dao.ProductMapper.queryList debug- ==>  Preparing: select id, shop_id, brand_id, product_category_id, product_specifications_id, name, pic, publish_status, recommand_status, verify_status, sort, price, sub_title, original_price, weight, keywords, album_pics, detail_title , description, detail_desc from pms_product 
mall 2019-06-02 15:59:59.504 DEBUG     [http-nio-8081-exec-10]  com.office.mall.dao.ProductMapper.queryList debug- ==> Parameters: 
mall 2019-06-02 15:59:59.525 DEBUG     [http-nio-8081-exec-10]  com.office.mall.dao.ProductMapper.queryList debug- <==      Total: 9
mall 2019-06-02 16:00:16.628 WARN      [http-nio-8081-exec-8]  org.springframework.web.servlet.PageNotFound noHandlerFound- No mapping for GET /img/wx_cz.jpg
mall 2019-06-02 16:00:16.691 DEBUG     [http-nio-8081-exec-9]  com.office.mall.dao.ProductMapper.queryList debug- ==>  Preparing: select id, shop_id, brand_id, product_category_id, product_specifications_id, name, pic, publish_status, recommand_status, verify_status, sort, price, sub_title, original_price, weight, keywords, album_pics, detail_title , description, detail_desc from pms_product 
mall 2019-06-02 16:00:16.692 DEBUG     [http-nio-8081-exec-9]  com.office.mall.dao.ProductMapper.queryList debug- ==> Parameters: 
mall 2019-06-02 16:00:16.697 DEBUG     [http-nio-8081-exec-9]  com.office.mall.dao.ProductMapper.queryList debug- <==      Total: 9
mall 2019-06-02 16:00:36.070 DEBUG     [http-nio-8081-exec-4]  com.office.mall.dao.UserMapper.getByPhone debug- ==>  Preparing: select id, username, password, phone, status, icon, create_time, last_login_time from ums_user where phone = ? 
mall 2019-06-02 16:00:36.071 DEBUG     [http-nio-8081-exec-4]  com.office.mall.dao.UserMapper.getByPhone debug- ==> Parameters: 18483613321(String)
mall 2019-06-02 16:00:36.073 DEBUG     [http-nio-8081-exec-4]  com.office.mall.dao.UserMapper.getByPhone debug- <==      Total: 1
mall 2019-06-02 16:06:10.927 DEBUG     [http-nio-8081-exec-5]  com.office.mall.dao.UserMapper.getByPhone debug- ==>  Preparing: select id, username, password, phone, status, icon, create_time, last_login_time from ums_user where phone = ? 
mall 2019-06-02 16:06:10.928 DEBUG     [http-nio-8081-exec-5]  com.office.mall.dao.UserMapper.getByPhone debug- ==> Parameters: 18483613321(String)
mall 2019-06-02 16:06:10.929 DEBUG     [http-nio-8081-exec-5]  com.office.mall.dao.UserMapper.getByPhone debug- <==      Total: 0
mall 2019-06-02 16:09:00.118 INFO      [main]  com.office.mall.web.MallWebApplication logStarting- Starting MallWebApplication on DESKTOP-J5QOBS7 with PID 10752 (G:\JProject\GraduationProject\mall\mall-web\target\classes started by wangyajing in G:\JProject\GraduationProject\mall)
mall 2019-06-02 16:09:00.121 DEBUG     [main]  com.office.mall.web.MallWebApplication logStarting- Running with Spring Boot v2.1.4.RELEASE, Spring v5.1.6.RELEASE
mall 2019-06-02 16:09:00.121 INFO      [main]  com.office.mall.web.MallWebApplication logStartupProfileInfo- No active profile set, falling back to default profiles: default
mall 2019-06-02 16:09:01.862 INFO      [main]  org.springframework.boot.web.embedded.tomcat.TomcatWebServer initialize- Tomcat initialized with port(s): 8081 (http)
mall 2019-06-02 16:09:01.874 INFO      [main]  org.apache.coyote.http11.Http11NioProtocol log- Initializing ProtocolHandler ["http-nio-8081"]
mall 2019-06-02 16:09:01.883 INFO      [main]  org.apache.catalina.core.StandardService log- Starting service [Tomcat]
mall 2019-06-02 16:09:01.884 INFO      [main]  org.apache.catalina.core.StandardEngine log- Starting Servlet engine: [Apache Tomcat/9.0.17]
mall 2019-06-02 16:09:01.995 INFO      [main]  org.apache.catalina.core.ContainerBase.[Tomcat].[localhost].[/] log- Initializing Spring embedded WebApplicationContext
mall 2019-06-02 16:09:01.996 INFO      [main]  org.springframework.web.context.ContextLoader prepareWebApplicationContext- Root WebApplicationContext: initialization completed in 1793 ms
mall 2019-06-02 16:09:02.429 WARN      [main]  org.thymeleaf.templatemode.TemplateMode parse- [THYMELEAF][main] Unknown Template Mode 'HTML5 '. Must be one of: 'HTML', 'XML', 'TEXT', 'JAVASCRIPT', 'CSS', 'RAW'. Using default Template Mode 'HTML'.
mall 2019-06-02 16:09:02.504 INFO      [main]  org.apache.coyote.http11.Http11NioProtocol log- Starting ProtocolHandler ["http-nio-8081"]
mall 2019-06-02 16:09:02.527 INFO      [main]  org.springframework.boot.web.embedded.tomcat.TomcatWebServer start- Tomcat started on port(s): 8081 (http) with context path ''
mall 2019-06-02 16:09:02.530 INFO      [main]  com.office.mall.web.MallWebApplication logStarted- Started MallWebApplication in 2.904 seconds (JVM running for 3.741)
mall 2019-06-02 16:09:21.329 INFO      [http-nio-8081-exec-1]  org.apache.catalina.core.ContainerBase.[Tomcat].[localhost].[/] log- Initializing Spring DispatcherServlet 'dispatcherServlet'
mall 2019-06-02 16:09:21.330 INFO      [http-nio-8081-exec-1]  org.springframework.web.servlet.DispatcherServlet initServletBean- Initializing Servlet 'dispatcherServlet'
mall 2019-06-02 16:09:21.337 INFO      [http-nio-8081-exec-1]  org.springframework.web.servlet.DispatcherServlet initServletBean- Completed initialization in 7 ms
mall 2019-06-02 16:09:39.372 INFO      [http-nio-8081-exec-4]  com.alibaba.druid.pool.DruidDataSource init- {dataSource-1} inited
mall 2019-06-02 16:09:39.518 DEBUG     [http-nio-8081-exec-4]  com.office.mall.dao.UserMapper.getByPhone debug- ==>  Preparing: select id, username, password, phone, status, icon, create_time, last_login_time from ums_user where phone = ? 
mall 2019-06-02 16:09:39.534 DEBUG     [http-nio-8081-exec-4]  com.office.mall.dao.UserMapper.getByPhone debug- ==> Parameters: 18483613321(String)
mall 2019-06-02 16:09:39.544 DEBUG     [http-nio-8081-exec-4]  com.office.mall.dao.UserMapper.getByPhone debug- <==      Total: 0
mall 2019-06-02 16:14:17.928 WARN      [http-nio-8081-exec-5]  org.springframework.web.servlet.PageNotFound noHandlerFound- No mapping for GET /img/user2-160x160.jpg
mall 2019-06-02 16:14:17.935 WARN      [http-nio-8081-exec-6]  org.springframework.web.servlet.PageNotFound noHandlerFound- No mapping for GET /img/user3-128x128.jpg
mall 2019-06-02 16:14:17.938 WARN      [http-nio-8081-exec-8]  org.springframework.web.servlet.PageNotFound noHandlerFound- No mapping for GET /img/user4-128x128.jpg
mall 2019-06-02 16:14:18.024 WARN      [http-nio-8081-exec-4]  org.springframework.web.servlet.PageNotFound noHandlerFound- No mapping for GET /img/user3-128x128.jpg
mall 2019-06-02 16:28:45.127 WARN      [http-nio-8081-exec-8]  org.springframework.web.servlet.PageNotFound noHandlerFound- No mapping for GET /img/wx_cz.jpg
mall 2019-06-02 16:28:45.213 WARN      [http-nio-8081-exec-7]  org.springframework.web.servlet.PageNotFound noHandlerFound- No mapping for GET /assets/img/favicon.ico
mall 2019-06-02 16:28:47.191 DEBUG     [http-nio-8081-exec-4]  com.office.mall.dao.AdminMapper.select debug- ==>  Preparing: select id, username, password, icon, email, note, create_time, login_time, status from ums_admin where username = ? and password = ? and status =1 
mall 2019-06-02 16:28:47.192 DEBUG     [http-nio-8081-exec-4]  com.office.mall.dao.AdminMapper.select debug- ==> Parameters: admin(String), 1234567(String)
mall 2019-06-02 16:28:47.210 DEBUG     [http-nio-8081-exec-4]  com.office.mall.dao.AdminMapper.select debug- <==      Total: 1
mall 2019-06-02 16:28:52.997 DEBUG     [http-nio-8081-exec-6]  com.office.mall.dao.ShopMapper.queryList debug- ==>  Preparing: select id, account, password, shop_name, company_name, company_address, linkman_name, linkman_phone, license_number, legalman, legalman_id, bank_name, bank_count, description,register_time,status from ums_shop WHERE shop_name like CONCAT('%',replace(replace(?,'%','\%'),'_','\_'),'%') and status = ? 
mall 2019-06-02 16:28:52.998 DEBUG     [http-nio-8081-exec-6]  com.office.mall.dao.ShopMapper.queryList debug- ==> Parameters: (String), 0(Integer)
mall 2019-06-02 16:28:53.001 DEBUG     [http-nio-8081-exec-6]  com.office.mall.dao.ShopMapper.queryList debug- <==      Total: 1
mall 2019-06-02 16:28:55.707 WARN      [http-nio-8081-exec-9]  org.springframework.web.servlet.mvc.support.DefaultHandlerExceptionResolver logException- Resolved [org.springframework.web.method.annotation.MethodArgumentTypeMismatchException: Failed to convert value of type 'java.lang.String' to required type 'java.lang.Integer'; nested exception is java.lang.NumberFormatException: For input string: "null"]
mall 2019-06-02 16:29:25.702 DEBUG     [http-nio-8081-exec-4]  com.office.mall.dao.ProductMapper.queryList debug- ==>  Preparing: select id, shop_id, brand_id, product_category_id, product_specifications_id, name, pic, publish_status, recommand_status, verify_status, sort, price, sub_title, original_price, weight, keywords, album_pics, detail_title , description, detail_desc from pms_product WHERE name like CONCAT('%',replace(replace(?,'%','\%'),'_','\_'),'%') 
mall 2019-06-02 16:29:25.703 DEBUG     [http-nio-8081-exec-4]  com.office.mall.dao.ProductMapper.queryList debug- ==> Parameters: (String)
mall 2019-06-02 16:29:25.710 DEBUG     [http-nio-8081-exec-4]  com.office.mall.dao.ProductMapper.queryList debug- <==      Total: 9
mall 2019-06-02 16:29:28.036 DEBUG     [http-nio-8081-exec-2]  com.office.mall.dao.ShopMapper.selectByPrimaryKey debug- ==>  Preparing: select id, account, password, shop_name, company_name, company_address, linkman_name, linkman_phone, license_number, legalman, legalman_id, bank_name, bank_count, description,register_time,status from ums_shop where id = ? 
mall 2019-06-02 16:29:28.037 DEBUG     [http-nio-8081-exec-2]  com.office.mall.dao.ShopMapper.selectByPrimaryKey debug- ==> Parameters: 1(Integer)
mall 2019-06-02 16:29:28.038 DEBUG     [http-nio-8081-exec-2]  com.office.mall.dao.ShopMapper.selectByPrimaryKey debug- <==      Total: 1
mall 2019-06-02 16:29:28.039 DEBUG     [http-nio-8081-exec-2]  com.office.mall.dao.BrandMapper.selectByPrimaryKey debug- ==>  Preparing: select id, name, first_letter, logo from pms_brand where id = ? 
mall 2019-06-02 16:29:28.039 DEBUG     [http-nio-8081-exec-2]  com.office.mall.dao.BrandMapper.selectByPrimaryKey debug- ==> Parameters: 1(Integer)
mall 2019-06-02 16:29:28.040 DEBUG     [http-nio-8081-exec-2]  com.office.mall.dao.BrandMapper.selectByPrimaryKey debug- <==      Total: 1
mall 2019-06-02 16:29:28.042 DEBUG     [http-nio-8081-exec-2]  com.office.mall.dao.ProductMapper.selectByPrimaryKey debug- ==>  Preparing: select id, shop_id, brand_id, product_category_id, product_specifications_id, name, pic, publish_status, recommand_status, verify_status, sort, price, sub_title, original_price, weight, keywords, album_pics, detail_title , description, detail_desc from pms_product where id = ? and shop_id = ? and brand_id = ? 
mall 2019-06-02 16:29:28.043 DEBUG     [http-nio-8081-exec-2]  com.office.mall.dao.ProductMapper.selectByPrimaryKey debug- ==> Parameters: 1(Integer), 1(Integer), 1(Integer)
mall 2019-06-02 16:29:28.044 DEBUG     [http-nio-8081-exec-2]  com.office.mall.dao.ProductMapper.selectByPrimaryKey debug- <==      Total: 1
mall 2019-06-02 16:33:38.490 DEBUG     [http-nio-8081-exec-10]  com.office.mall.dao.ShopMapper.selectByPrimaryKey debug- ==>  Preparing: select id, account, password, shop_name, company_name, company_address, linkman_name, linkman_phone, license_number, legalman, legalman_id, bank_name, bank_count, description,register_time,status from ums_shop where id = ? 
mall 2019-06-02 16:33:38.491 DEBUG     [http-nio-8081-exec-10]  com.office.mall.dao.ShopMapper.selectByPrimaryKey debug- ==> Parameters: 1(Integer)
mall 2019-06-02 16:33:38.493 DEBUG     [http-nio-8081-exec-10]  com.office.mall.dao.ShopMapper.selectByPrimaryKey debug- <==      Total: 1
mall 2019-06-02 16:33:38.494 DEBUG     [http-nio-8081-exec-10]  com.office.mall.dao.BrandMapper.selectByPrimaryKey debug- ==>  Preparing: select id, name, first_letter, logo from pms_brand where id = ? 
mall 2019-06-02 16:33:38.494 DEBUG     [http-nio-8081-exec-10]  com.office.mall.dao.BrandMapper.selectByPrimaryKey debug- ==> Parameters: 3(Integer)
mall 2019-06-02 16:33:38.496 DEBUG     [http-nio-8081-exec-10]  com.office.mall.dao.BrandMapper.selectByPrimaryKey debug- <==      Total: 1
mall 2019-06-02 16:33:38.496 DEBUG     [http-nio-8081-exec-10]  com.office.mall.dao.ProductMapper.selectByPrimaryKey debug- ==>  Preparing: select id, shop_id, brand_id, product_category_id, product_specifications_id, name, pic, publish_status, recommand_status, verify_status, sort, price, sub_title, original_price, weight, keywords, album_pics, detail_title , description, detail_desc from pms_product where id = ? and shop_id = ? and brand_id = ? 
mall 2019-06-02 16:33:38.497 DEBUG     [http-nio-8081-exec-10]  com.office.mall.dao.ProductMapper.selectByPrimaryKey debug- ==> Parameters: 40(Integer), 1(Integer), 3(Integer)
mall 2019-06-02 16:33:38.499 DEBUG     [http-nio-8081-exec-10]  com.office.mall.dao.ProductMapper.selectByPrimaryKey debug- <==      Total: 1
mall 2019-06-02 16:33:46.470 DEBUG     [http-nio-8081-exec-3]  com.office.mall.dao.ProductMapper.changeStatus debug- ==>  Preparing: update pms_product SET verify_status = ? where id = ? 
mall 2019-06-02 16:33:46.471 DEBUG     [http-nio-8081-exec-3]  com.office.mall.dao.ProductMapper.changeStatus debug- ==> Parameters: 2(Integer), 40(Integer)
mall 2019-06-02 16:33:46.473 DEBUG     [http-nio-8081-exec-3]  com.office.mall.dao.ProductMapper.changeStatus debug- <==    Updates: 1
mall 2019-06-02 16:33:48.236 DEBUG     [http-nio-8081-exec-9]  com.office.mall.dao.ProductMapper.queryList debug- ==>  Preparing: select id, shop_id, brand_id, product_category_id, product_specifications_id, name, pic, publish_status, recommand_status, verify_status, sort, price, sub_title, original_price, weight, keywords, album_pics, detail_title , description, detail_desc from pms_product WHERE name like CONCAT('%',replace(replace(?,'%','\%'),'_','\_'),'%') 
mall 2019-06-02 16:33:48.237 DEBUG     [http-nio-8081-exec-9]  com.office.mall.dao.ProductMapper.queryList debug- ==> Parameters: (String)
mall 2019-06-02 16:33:48.242 DEBUG     [http-nio-8081-exec-9]  com.office.mall.dao.ProductMapper.queryList debug- <==      Total: 9
mall 2019-06-02 16:34:15.527 DEBUG     [http-nio-8081-exec-7]  com.office.mall.dao.ShopMapper.selectByPrimaryKey debug- ==>  Preparing: select id, account, password, shop_name, company_name, company_address, linkman_name, linkman_phone, license_number, legalman, legalman_id, bank_name, bank_count, description,register_time,status from ums_shop where id = ? 
mall 2019-06-02 16:34:15.528 DEBUG     [http-nio-8081-exec-7]  com.office.mall.dao.ShopMapper.selectByPrimaryKey debug- ==> Parameters: 1(Integer)
mall 2019-06-02 16:34:15.529 DEBUG     [http-nio-8081-exec-7]  com.office.mall.dao.ShopMapper.selectByPrimaryKey debug- <==      Total: 1
mall 2019-06-02 16:34:15.529 DEBUG     [http-nio-8081-exec-7]  com.office.mall.dao.BrandMapper.selectByPrimaryKey debug- ==>  Preparing: select id, name, first_letter, logo from pms_brand where id = ? 
mall 2019-06-02 16:34:15.530 DEBUG     [http-nio-8081-exec-7]  com.office.mall.dao.BrandMapper.selectByPrimaryKey debug- ==> Parameters: 3(Integer)
mall 2019-06-02 16:34:15.531 DEBUG     [http-nio-8081-exec-7]  com.office.mall.dao.BrandMapper.selectByPrimaryKey debug- <==      Total: 1
mall 2019-06-02 16:34:15.532 DEBUG     [http-nio-8081-exec-7]  com.office.mall.dao.ProductMapper.selectByPrimaryKey debug- ==>  Preparing: select id, shop_id, brand_id, product_category_id, product_specifications_id, name, pic, publish_status, recommand_status, verify_status, sort, price, sub_title, original_price, weight, keywords, album_pics, detail_title , description, detail_desc from pms_product where id = ? and shop_id = ? and brand_id = ? 
mall 2019-06-02 16:34:15.533 DEBUG     [http-nio-8081-exec-7]  com.office.mall.dao.ProductMapper.selectByPrimaryKey debug- ==> Parameters: 40(Integer), 1(Integer), 3(Integer)
mall 2019-06-02 16:34:15.534 DEBUG     [http-nio-8081-exec-7]  com.office.mall.dao.ProductMapper.selectByPrimaryKey debug- <==      Total: 1
mall 2019-06-02 16:38:50.932 WARN      [http-nio-8081-exec-5]  org.springframework.web.servlet.PageNotFound noHandlerFound- No mapping for GET /img/wx_cz.jpg
mall 2019-06-02 16:38:50.986 DEBUG     [http-nio-8081-exec-1]  com.office.mall.dao.ProductMapper.queryList debug- ==>  Preparing: select id, shop_id, brand_id, product_category_id, product_specifications_id, name, pic, publish_status, recommand_status, verify_status, sort, price, sub_title, original_price, weight, keywords, album_pics, detail_title , description, detail_desc from pms_product 
mall 2019-06-02 16:38:50.988 DEBUG     [http-nio-8081-exec-1]  com.office.mall.dao.ProductMapper.queryList debug- ==> Parameters: 
mall 2019-06-02 16:38:50.991 DEBUG     [http-nio-8081-exec-1]  com.office.mall.dao.ProductMapper.queryList debug- <==      Total: 9
mall 2019-06-02 16:39:14.804 DEBUG     [http-nio-8081-exec-10]  com.office.mall.dao.ShopMapper.selectByPrimaryKey debug- ==>  Preparing: select id, account, password, shop_name, company_name, company_address, linkman_name, linkman_phone, license_number, legalman, legalman_id, bank_name, bank_count, description,register_time,status from ums_shop where id = ? 
mall 2019-06-02 16:39:14.805 DEBUG     [http-nio-8081-exec-10]  com.office.mall.dao.ShopMapper.selectByPrimaryKey debug- ==> Parameters: null
mall 2019-06-02 16:39:14.844 DEBUG     [http-nio-8081-exec-10]  com.office.mall.dao.ShopMapper.selectByPrimaryKey debug- <==      Total: 0
mall 2019-06-02 16:39:14.845 DEBUG     [http-nio-8081-exec-10]  com.office.mall.dao.BrandMapper.selectByPrimaryKey debug- ==>  Preparing: select id, name, first_letter, logo from pms_brand where id = ? 
mall 2019-06-02 16:39:14.846 DEBUG     [http-nio-8081-exec-10]  com.office.mall.dao.BrandMapper.selectByPrimaryKey debug- ==> Parameters: null
mall 2019-06-02 16:39:14.847 DEBUG     [http-nio-8081-exec-10]  com.office.mall.dao.BrandMapper.selectByPrimaryKey debug- <==      Total: 0
mall 2019-06-02 16:39:14.848 DEBUG     [http-nio-8081-exec-10]  com.office.mall.dao.ProductMapper.selectByPrimaryKey debug- ==>  Preparing: select id, shop_id, brand_id, product_category_id, product_specifications_id, name, pic, publish_status, recommand_status, verify_status, sort, price, sub_title, original_price, weight, keywords, album_pics, detail_title , description, detail_desc from pms_product where id = ? 
mall 2019-06-02 16:39:14.848 DEBUG     [http-nio-8081-exec-10]  com.office.mall.dao.ProductMapper.selectByPrimaryKey debug- ==> Parameters: 38(Integer)
mall 2019-06-02 16:39:14.848 DEBUG     [http-nio-8081-exec-10]  com.office.mall.dao.ProductMapper.selectByPrimaryKey debug- <==      Total: 1
mall 2019-06-02 16:39:14.877 ERROR     [http-nio-8081-exec-10]  org.apache.catalina.core.ContainerBase.[Tomcat].[localhost].[/].[dispatcherServlet] log- Servlet.service() for servlet [dispatcherServlet] in context with path [] threw exception [Request processing failed; nested exception is java.lang.NullPointerException] with root cause
java.lang.NullPointerException: null
	at com.office.mall.web.service.impl.ProductServiceImpl.getProductById(ProductServiceImpl.java:47)
	at com.office.mall.web.controller.ProductController.getProductById(ProductController.java:39)
	at sun.reflect.NativeMethodAccessorImpl.invoke0(Native Method)
	at sun.reflect.NativeMethodAccessorImpl.invoke(NativeMethodAccessorImpl.java:62)
	at sun.reflect.DelegatingMethodAccessorImpl.invoke(DelegatingMethodAccessorImpl.java:43)
	at java.lang.reflect.Method.invoke(Method.java:498)
	at org.springframework.web.method.support.InvocableHandlerMethod.doInvoke(InvocableHandlerMethod.java:189)
	at org.springframework.web.method.support.InvocableHandlerMethod.invokeForRequest(InvocableHandlerMethod.java:138)
	at org.springframework.web.servlet.mvc.method.annotation.ServletInvocableHandlerMethod.invokeAndHandle(ServletInvocableHandlerMethod.java:102)
	at org.springframework.web.servlet.mvc.method.annotation.RequestMappingHandlerAdapter.invokeHandlerMethod(RequestMappingHandlerAdapter.java:892)
	at org.springframework.web.servlet.mvc.method.annotation.RequestMappingHandlerAdapter.handleInternal(RequestMappingHandlerAdapter.java:797)
	at org.springframework.web.servlet.mvc.method.AbstractHandlerMethodAdapter.handle(AbstractHandlerMethodAdapter.java:87)
	at org.springframework.web.servlet.DispatcherServlet.doDispatch(DispatcherServlet.java:1038)
	at org.springframework.web.servlet.DispatcherServlet.doService(DispatcherServlet.java:942)
	at org.springframework.web.servlet.FrameworkServlet.processRequest(FrameworkServlet.java:1005)
	at org.springframework.web.servlet.FrameworkServlet.doPost(FrameworkServlet.java:908)
	at javax.servlet.http.HttpServlet.service(HttpServlet.java:660)
	at org.springframework.web.servlet.FrameworkServlet.service(FrameworkServlet.java:882)
	at javax.servlet.http.HttpServlet.service(HttpServlet.java:741)
	at org.apache.catalina.core.ApplicationFilterChain.internalDoFilter(ApplicationFilterChain.java:231)
	at org.apache.catalina.core.ApplicationFilterChain.doFilter(ApplicationFilterChain.java:166)
	at org.apache.tomcat.websocket.server.WsFilter.doFilter(WsFilter.java:53)
	at org.apache.catalina.core.ApplicationFilterChain.internalDoFilter(ApplicationFilterChain.java:193)
	at org.apache.catalina.core.ApplicationFilterChain.doFilter(ApplicationFilterChain.java:166)
	at org.springframework.web.filter.CharacterEncodingFilter.doFilterInternal(CharacterEncodingFilter.java:200)
	at org.springframework.web.filter.OncePerRequestFilter.doFilter(OncePerRequestFilter.java:107)
	at org.apache.catalina.core.ApplicationFilterChain.internalDoFilter(ApplicationFilterChain.java:193)
	at org.apache.catalina.core.ApplicationFilterChain.doFilter(ApplicationFilterChain.java:166)
	at org.apache.catalina.core.StandardWrapperValve.invoke(StandardWrapperValve.java:200)
	at org.apache.catalina.core.StandardContextValve.invoke(StandardContextValve.java:96)
	at org.apache.catalina.authenticator.AuthenticatorBase.invoke(AuthenticatorBase.java:490)
	at org.apache.catalina.core.StandardHostValve.invoke(StandardHostValve.java:139)
	at org.apache.catalina.valves.ErrorReportValve.invoke(ErrorReportValve.java:92)
	at org.apache.catalina.core.StandardEngineValve.invoke(StandardEngineValve.java:74)
	at org.apache.catalina.connector.CoyoteAdapter.service(CoyoteAdapter.java:343)
	at org.apache.coyote.http11.Http11Processor.service(Http11Processor.java:408)
	at org.apache.coyote.AbstractProcessorLight.process(AbstractProcessorLight.java:66)
	at org.apache.coyote.AbstractProtocol$ConnectionHandler.process(AbstractProtocol.java:834)
	at org.apache.tomcat.util.net.NioEndpoint$SocketProcessor.doRun(NioEndpoint.java:1415)
	at org.apache.tomcat.util.net.SocketProcessorBase.run(SocketProcessorBase.java:49)
	at java.util.concurrent.ThreadPoolExecutor.runWorker(ThreadPoolExecutor.java:1149)
	at java.util.concurrent.ThreadPoolExecutor$Worker.run(ThreadPoolExecutor.java:624)
	at org.apache.tomcat.util.threads.TaskThread$WrappingRunnable.run(TaskThread.java:61)
	at java.lang.Thread.run(Thread.java:748)
mall 2019-06-02 16:40:59.317 DEBUG     [http-nio-8081-exec-7]  com.office.mall.dao.ProductMapper.queryList debug- ==>  Preparing: select id, shop_id, brand_id, product_category_id, product_specifications_id, name, pic, publish_status, recommand_status, verify_status, sort, price, sub_title, original_price, weight, keywords, album_pics, detail_title , description, detail_desc from pms_product 
mall 2019-06-02 16:40:59.317 DEBUG     [http-nio-8081-exec-7]  com.office.mall.dao.ProductMapper.queryList debug- ==> Parameters: 
mall 2019-06-02 16:40:59.320 DEBUG     [http-nio-8081-exec-7]  com.office.mall.dao.ProductMapper.queryList debug- <==      Total: 9
mall 2019-06-02 16:41:00.733 WARN      [http-nio-8081-exec-9]  org.springframework.web.servlet.PageNotFound noHandlerFound- No mapping for GET /img/wx_cz.jpg
mall 2019-06-02 16:41:00.774 DEBUG     [http-nio-8081-exec-2]  com.office.mall.dao.ProductMapper.queryList debug- ==>  Preparing: select id, shop_id, brand_id, product_category_id, product_specifications_id, name, pic, publish_status, recommand_status, verify_status, sort, price, sub_title, original_price, weight, keywords, album_pics, detail_title , description, detail_desc from pms_product 
mall 2019-06-02 16:41:00.775 DEBUG     [http-nio-8081-exec-2]  com.office.mall.dao.ProductMapper.queryList debug- ==> Parameters: 
mall 2019-06-02 16:41:00.777 DEBUG     [http-nio-8081-exec-2]  com.office.mall.dao.ProductMapper.queryList debug- <==      Total: 9
mall 2019-06-02 16:41:20.258 DEBUG     [http-nio-8081-exec-6]  com.office.mall.dao.ShopMapper.selectByPrimaryKey debug- ==>  Preparing: select id, account, password, shop_name, company_name, company_address, linkman_name, linkman_phone, license_number, legalman, legalman_id, bank_name, bank_count, description,register_time,status from ums_shop where id = ? 
mall 2019-06-02 16:41:20.259 DEBUG     [http-nio-8081-exec-6]  com.office.mall.dao.ShopMapper.selectByPrimaryKey debug- ==> Parameters: null
mall 2019-06-02 16:41:20.260 DEBUG     [http-nio-8081-exec-6]  com.office.mall.dao.ShopMapper.selectByPrimaryKey debug- <==      Total: 0
mall 2019-06-02 16:41:20.261 DEBUG     [http-nio-8081-exec-6]  com.office.mall.dao.BrandMapper.selectByPrimaryKey debug- ==>  Preparing: select id, name, first_letter, logo from pms_brand where id = ? 
mall 2019-06-02 16:41:20.262 DEBUG     [http-nio-8081-exec-6]  com.office.mall.dao.BrandMapper.selectByPrimaryKey debug- ==> Parameters: null
mall 2019-06-02 16:41:20.263 DEBUG     [http-nio-8081-exec-6]  com.office.mall.dao.BrandMapper.selectByPrimaryKey debug- <==      Total: 0
mall 2019-06-02 16:41:20.263 DEBUG     [http-nio-8081-exec-6]  com.office.mall.dao.ProductMapper.selectByPrimaryKey debug- ==>  Preparing: select id, shop_id, brand_id, product_category_id, product_specifications_id, name, pic, publish_status, recommand_status, verify_status, sort, price, sub_title, original_price, weight, keywords, album_pics, detail_title , description, detail_desc from pms_product where id = ? 
mall 2019-06-02 16:41:20.264 DEBUG     [http-nio-8081-exec-6]  com.office.mall.dao.ProductMapper.selectByPrimaryKey debug- ==> Parameters: 37(Integer)
mall 2019-06-02 16:41:20.266 DEBUG     [http-nio-8081-exec-6]  com.office.mall.dao.ProductMapper.selectByPrimaryKey debug- <==      Total: 1
mall 2019-06-02 16:41:20.267 ERROR     [http-nio-8081-exec-6]  org.apache.catalina.core.ContainerBase.[Tomcat].[localhost].[/].[dispatcherServlet] log- Servlet.service() for servlet [dispatcherServlet] in context with path [] threw exception [Request processing failed; nested exception is java.lang.NullPointerException] with root cause
java.lang.NullPointerException: null
	at com.office.mall.web.service.impl.ProductServiceImpl.getProductById(ProductServiceImpl.java:47)
	at com.office.mall.web.controller.ProductController.getProductById(ProductController.java:39)
	at sun.reflect.NativeMethodAccessorImpl.invoke0(Native Method)
	at sun.reflect.NativeMethodAccessorImpl.invoke(NativeMethodAccessorImpl.java:62)
	at sun.reflect.DelegatingMethodAccessorImpl.invoke(DelegatingMethodAccessorImpl.java:43)
	at java.lang.reflect.Method.invoke(Method.java:498)
	at org.springframework.web.method.support.InvocableHandlerMethod.doInvoke(InvocableHandlerMethod.java:189)
	at org.springframework.web.method.support.InvocableHandlerMethod.invokeForRequest(InvocableHandlerMethod.java:138)
	at org.springframework.web.servlet.mvc.method.annotation.ServletInvocableHandlerMethod.invokeAndHandle(ServletInvocableHandlerMethod.java:102)
	at org.springframework.web.servlet.mvc.method.annotation.RequestMappingHandlerAdapter.invokeHandlerMethod(RequestMappingHandlerAdapter.java:892)
	at org.springframework.web.servlet.mvc.method.annotation.RequestMappingHandlerAdapter.handleInternal(RequestMappingHandlerAdapter.java:797)
	at org.springframework.web.servlet.mvc.method.AbstractHandlerMethodAdapter.handle(AbstractHandlerMethodAdapter.java:87)
	at org.springframework.web.servlet.DispatcherServlet.doDispatch(DispatcherServlet.java:1038)
	at org.springframework.web.servlet.DispatcherServlet.doService(DispatcherServlet.java:942)
	at org.springframework.web.servlet.FrameworkServlet.processRequest(FrameworkServlet.java:1005)
	at org.springframework.web.servlet.FrameworkServlet.doPost(FrameworkServlet.java:908)
	at javax.servlet.http.HttpServlet.service(HttpServlet.java:660)
	at org.springframework.web.servlet.FrameworkServlet.service(FrameworkServlet.java:882)
	at javax.servlet.http.HttpServlet.service(HttpServlet.java:741)
	at org.apache.catalina.core.ApplicationFilterChain.internalDoFilter(ApplicationFilterChain.java:231)
	at org.apache.catalina.core.ApplicationFilterChain.doFilter(ApplicationFilterChain.java:166)
	at org.apache.tomcat.websocket.server.WsFilter.doFilter(WsFilter.java:53)
	at org.apache.catalina.core.ApplicationFilterChain.internalDoFilter(ApplicationFilterChain.java:193)
	at org.apache.catalina.core.ApplicationFilterChain.doFilter(ApplicationFilterChain.java:166)
	at org.springframework.web.filter.CharacterEncodingFilter.doFilterInternal(CharacterEncodingFilter.java:200)
	at org.springframework.web.filter.OncePerRequestFilter.doFilter(OncePerRequestFilter.java:107)
	at org.apache.catalina.core.ApplicationFilterChain.internalDoFilter(ApplicationFilterChain.java:193)
	at org.apache.catalina.core.ApplicationFilterChain.doFilter(ApplicationFilterChain.java:166)
	at org.apache.catalina.core.StandardWrapperValve.invoke(StandardWrapperValve.java:200)
	at org.apache.catalina.core.StandardContextValve.invoke(StandardContextValve.java:96)
	at org.apache.catalina.authenticator.AuthenticatorBase.invoke(AuthenticatorBase.java:490)
	at org.apache.catalina.core.StandardHostValve.invoke(StandardHostValve.java:139)
	at org.apache.catalina.valves.ErrorReportValve.invoke(ErrorReportValve.java:92)
	at org.apache.catalina.core.StandardEngineValve.invoke(StandardEngineValve.java:74)
	at org.apache.catalina.connector.CoyoteAdapter.service(CoyoteAdapter.java:343)
	at org.apache.coyote.http11.Http11Processor.service(Http11Processor.java:408)
	at org.apache.coyote.AbstractProcessorLight.process(AbstractProcessorLight.java:66)
	at org.apache.coyote.AbstractProtocol$ConnectionHandler.process(AbstractProtocol.java:834)
	at org.apache.tomcat.util.net.NioEndpoint$SocketProcessor.doRun(NioEndpoint.java:1415)
	at org.apache.tomcat.util.net.SocketProcessorBase.run(SocketProcessorBase.java:49)
	at java.util.concurrent.ThreadPoolExecutor.runWorker(ThreadPoolExecutor.java:1149)
	at java.util.concurrent.ThreadPoolExecutor$Worker.run(ThreadPoolExecutor.java:624)
	at org.apache.tomcat.util.threads.TaskThread$WrappingRunnable.run(TaskThread.java:61)
	at java.lang.Thread.run(Thread.java:748)
mall 2019-06-02 16:41:49.068 INFO      [main]  com.office.mall.web.MallWebApplication logStarting- Starting MallWebApplication on DESKTOP-J5QOBS7 with PID 10372 (G:\JProject\GraduationProject\mall\mall-web\target\classes started by wangyajing in G:\JProject\GraduationProject\mall)
mall 2019-06-02 16:41:49.071 DEBUG     [main]  com.office.mall.web.MallWebApplication logStarting- Running with Spring Boot v2.1.4.RELEASE, Spring v5.1.6.RELEASE
mall 2019-06-02 16:41:49.071 INFO      [main]  com.office.mall.web.MallWebApplication logStartupProfileInfo- No active profile set, falling back to default profiles: default
mall 2019-06-02 16:41:50.733 INFO      [main]  org.springframework.boot.web.embedded.tomcat.TomcatWebServer initialize- Tomcat initialized with port(s): 8081 (http)
mall 2019-06-02 16:41:50.749 INFO      [main]  org.apache.coyote.http11.Http11NioProtocol log- Initializing ProtocolHandler ["http-nio-8081"]
mall 2019-06-02 16:41:50.759 INFO      [main]  org.apache.catalina.core.StandardService log- Starting service [Tomcat]
mall 2019-06-02 16:41:50.759 INFO      [main]  org.apache.catalina.core.StandardEngine log- Starting Servlet engine: [Apache Tomcat/9.0.17]
mall 2019-06-02 16:41:50.867 INFO      [main]  org.apache.catalina.core.ContainerBase.[Tomcat].[localhost].[/] log- Initializing Spring embedded WebApplicationContext
mall 2019-06-02 16:41:50.868 INFO      [main]  org.springframework.web.context.ContextLoader prepareWebApplicationContext- Root WebApplicationContext: initialization completed in 1720 ms
mall 2019-06-02 16:41:51.314 WARN      [main]  org.thymeleaf.templatemode.TemplateMode parse- [THYMELEAF][main] Unknown Template Mode 'HTML5 '. Must be one of: 'HTML', 'XML', 'TEXT', 'JAVASCRIPT', 'CSS', 'RAW'. Using default Template Mode 'HTML'.
mall 2019-06-02 16:41:51.380 INFO      [main]  org.apache.coyote.http11.Http11NioProtocol log- Starting ProtocolHandler ["http-nio-8081"]
mall 2019-06-02 16:41:51.401 INFO      [main]  org.springframework.boot.web.embedded.tomcat.TomcatWebServer start- Tomcat started on port(s): 8081 (http) with context path ''
mall 2019-06-02 16:41:51.404 INFO      [main]  com.office.mall.web.MallWebApplication logStarted- Started MallWebApplication in 2.873 seconds (JVM running for 3.527)
mall 2019-06-02 16:41:51.567 INFO      [http-nio-8081-exec-1]  org.apache.catalina.core.ContainerBase.[Tomcat].[localhost].[/] log- Initializing Spring DispatcherServlet 'dispatcherServlet'
mall 2019-06-02 16:41:51.567 INFO      [http-nio-8081-exec-1]  org.springframework.web.servlet.DispatcherServlet initServletBean- Initializing Servlet 'dispatcherServlet'
mall 2019-06-02 16:41:51.573 INFO      [http-nio-8081-exec-1]  org.springframework.web.servlet.DispatcherServlet initServletBean- Completed initialization in 6 ms
mall 2019-06-02 16:42:13.002 INFO      [http-nio-8081-exec-5]  com.alibaba.druid.pool.DruidDataSource init- {dataSource-1} inited
mall 2019-06-02 16:42:13.150 DEBUG     [http-nio-8081-exec-5]  com.office.mall.dao.ShopMapper.selectByPrimaryKey debug- ==>  Preparing: select id, account, password, shop_name, company_name, company_address, linkman_name, linkman_phone, license_number, legalman, legalman_id, bank_name, bank_count, description,register_time,status from ums_shop where id = ? 
mall 2019-06-02 16:42:13.164 DEBUG     [http-nio-8081-exec-5]  com.office.mall.dao.ShopMapper.selectByPrimaryKey debug- ==> Parameters: null
mall 2019-06-02 16:42:13.176 DEBUG     [http-nio-8081-exec-5]  com.office.mall.dao.ShopMapper.selectByPrimaryKey debug- <==      Total: 0
mall 2019-06-02 16:42:13.177 DEBUG     [http-nio-8081-exec-5]  com.office.mall.dao.BrandMapper.selectByPrimaryKey debug- ==>  Preparing: select id, name, first_letter, logo from pms_brand where id = ? 
mall 2019-06-02 16:42:13.178 DEBUG     [http-nio-8081-exec-5]  com.office.mall.dao.BrandMapper.selectByPrimaryKey debug- ==> Parameters: null
mall 2019-06-02 16:42:13.178 DEBUG     [http-nio-8081-exec-5]  com.office.mall.dao.BrandMapper.selectByPrimaryKey debug- <==      Total: 0
mall 2019-06-02 16:42:13.191 DEBUG     [http-nio-8081-exec-5]  com.office.mall.dao.ProductMapper.selectByPrimaryKey debug- ==>  Preparing: select id, shop_id, brand_id, product_category_id, product_specifications_id, name, pic, publish_status, recommand_status, verify_status, sort, price, sub_title, original_price, weight, keywords, album_pics, detail_title , description, detail_desc from pms_product where id = ? 
mall 2019-06-02 16:42:13.192 DEBUG     [http-nio-8081-exec-5]  com.office.mall.dao.ProductMapper.selectByPrimaryKey debug- ==> Parameters: 37(Integer)
mall 2019-06-02 16:42:13.195 DEBUG     [http-nio-8081-exec-5]  com.office.mall.dao.ProductMapper.selectByPrimaryKey debug- <==      Total: 1
mall 2019-06-02 16:42:13.213 ERROR     [http-nio-8081-exec-5]  org.apache.catalina.core.ContainerBase.[Tomcat].[localhost].[/].[dispatcherServlet] log- Servlet.service() for servlet [dispatcherServlet] in context with path [] threw exception [Request processing failed; nested exception is java.lang.NullPointerException] with root cause
java.lang.NullPointerException: null
	at com.office.mall.web.service.impl.ProductServiceImpl.getProductById(ProductServiceImpl.java:47)
	at com.office.mall.web.controller.ProductController.getProductById(ProductController.java:39)
	at sun.reflect.NativeMethodAccessorImpl.invoke0(Native Method)
	at sun.reflect.NativeMethodAccessorImpl.invoke(NativeMethodAccessorImpl.java:62)
	at sun.reflect.DelegatingMethodAccessorImpl.invoke(DelegatingMethodAccessorImpl.java:43)
	at java.lang.reflect.Method.invoke(Method.java:498)
	at org.springframework.web.method.support.InvocableHandlerMethod.doInvoke(InvocableHandlerMethod.java:189)
	at org.springframework.web.method.support.InvocableHandlerMethod.invokeForRequest(InvocableHandlerMethod.java:138)
	at org.springframework.web.servlet.mvc.method.annotation.ServletInvocableHandlerMethod.invokeAndHandle(ServletInvocableHandlerMethod.java:102)
	at org.springframework.web.servlet.mvc.method.annotation.RequestMappingHandlerAdapter.invokeHandlerMethod(RequestMappingHandlerAdapter.java:892)
	at org.springframework.web.servlet.mvc.method.annotation.RequestMappingHandlerAdapter.handleInternal(RequestMappingHandlerAdapter.java:797)
	at org.springframework.web.servlet.mvc.method.AbstractHandlerMethodAdapter.handle(AbstractHandlerMethodAdapter.java:87)
	at org.springframework.web.servlet.DispatcherServlet.doDispatch(DispatcherServlet.java:1038)
	at org.springframework.web.servlet.DispatcherServlet.doService(DispatcherServlet.java:942)
	at org.springframework.web.servlet.FrameworkServlet.processRequest(FrameworkServlet.java:1005)
	at org.springframework.web.servlet.FrameworkServlet.doPost(FrameworkServlet.java:908)
	at javax.servlet.http.HttpServlet.service(HttpServlet.java:660)
	at org.springframework.web.servlet.FrameworkServlet.service(FrameworkServlet.java:882)
	at javax.servlet.http.HttpServlet.service(HttpServlet.java:741)
	at org.apache.catalina.core.ApplicationFilterChain.internalDoFilter(ApplicationFilterChain.java:231)
	at org.apache.catalina.core.ApplicationFilterChain.doFilter(ApplicationFilterChain.java:166)
	at org.apache.tomcat.websocket.server.WsFilter.doFilter(WsFilter.java:53)
	at org.apache.catalina.core.ApplicationFilterChain.internalDoFilter(ApplicationFilterChain.java:193)
	at org.apache.catalina.core.ApplicationFilterChain.doFilter(ApplicationFilterChain.java:166)
	at org.springframework.web.filter.CharacterEncodingFilter.doFilterInternal(CharacterEncodingFilter.java:200)
	at org.springframework.web.filter.OncePerRequestFilter.doFilter(OncePerRequestFilter.java:107)
	at org.apache.catalina.core.ApplicationFilterChain.internalDoFilter(ApplicationFilterChain.java:193)
	at org.apache.catalina.core.ApplicationFilterChain.doFilter(ApplicationFilterChain.java:166)
	at org.apache.catalina.core.StandardWrapperValve.invoke(StandardWrapperValve.java:200)
	at org.apache.catalina.core.StandardContextValve.invoke(StandardContextValve.java:96)
	at org.apache.catalina.authenticator.AuthenticatorBase.invoke(AuthenticatorBase.java:490)
	at org.apache.catalina.core.StandardHostValve.invoke(StandardHostValve.java:139)
	at org.apache.catalina.valves.ErrorReportValve.invoke(ErrorReportValve.java:92)
	at org.apache.catalina.core.StandardEngineValve.invoke(StandardEngineValve.java:74)
	at org.apache.catalina.connector.CoyoteAdapter.service(CoyoteAdapter.java:343)
	at org.apache.coyote.http11.Http11Processor.service(Http11Processor.java:408)
	at org.apache.coyote.AbstractProcessorLight.process(AbstractProcessorLight.java:66)
	at org.apache.coyote.AbstractProtocol$ConnectionHandler.process(AbstractProtocol.java:834)
	at org.apache.tomcat.util.net.NioEndpoint$SocketProcessor.doRun(NioEndpoint.java:1415)
	at org.apache.tomcat.util.net.SocketProcessorBase.run(SocketProcessorBase.java:49)
	at java.util.concurrent.ThreadPoolExecutor.runWorker(ThreadPoolExecutor.java:1149)
	at java.util.concurrent.ThreadPoolExecutor$Worker.run(ThreadPoolExecutor.java:624)
	at org.apache.tomcat.util.threads.TaskThread$WrappingRunnable.run(TaskThread.java:61)
	at java.lang.Thread.run(Thread.java:748)
mall 2019-06-02 16:42:36.700 INFO      [main]  com.office.mall.web.MallWebApplication logStarting- Starting MallWebApplication on DESKTOP-J5QOBS7 with PID 7428 (G:\JProject\GraduationProject\mall\mall-web\target\classes started by wangyajing in G:\JProject\GraduationProject\mall)
mall 2019-06-02 16:42:36.702 DEBUG     [main]  com.office.mall.web.MallWebApplication logStarting- Running with Spring Boot v2.1.4.RELEASE, Spring v5.1.6.RELEASE
mall 2019-06-02 16:42:36.703 INFO      [main]  com.office.mall.web.MallWebApplication logStartupProfileInfo- No active profile set, falling back to default profiles: default
mall 2019-06-02 16:42:38.294 INFO      [main]  org.springframework.boot.web.embedded.tomcat.TomcatWebServer initialize- Tomcat initialized with port(s): 8081 (http)
mall 2019-06-02 16:42:38.308 INFO      [main]  org.apache.coyote.http11.Http11NioProtocol log- Initializing ProtocolHandler ["http-nio-8081"]
mall 2019-06-02 16:42:38.318 INFO      [main]  org.apache.catalina.core.StandardService log- Starting service [Tomcat]
mall 2019-06-02 16:42:38.318 INFO      [main]  org.apache.catalina.core.StandardEngine log- Starting Servlet engine: [Apache Tomcat/9.0.17]
mall 2019-06-02 16:42:38.423 INFO      [main]  org.apache.catalina.core.ContainerBase.[Tomcat].[localhost].[/] log- Initializing Spring embedded WebApplicationContext
mall 2019-06-02 16:42:38.424 INFO      [main]  org.springframework.web.context.ContextLoader prepareWebApplicationContext- Root WebApplicationContext: initialization completed in 1671 ms
mall 2019-06-02 16:42:38.853 WARN      [main]  org.thymeleaf.templatemode.TemplateMode parse- [THYMELEAF][main] Unknown Template Mode 'HTML5 '. Must be one of: 'HTML', 'XML', 'TEXT', 'JAVASCRIPT', 'CSS', 'RAW'. Using default Template Mode 'HTML'.
mall 2019-06-02 16:42:38.920 INFO      [main]  org.apache.coyote.http11.Http11NioProtocol log- Starting ProtocolHandler ["http-nio-8081"]
mall 2019-06-02 16:42:38.943 INFO      [main]  org.springframework.boot.web.embedded.tomcat.TomcatWebServer start- Tomcat started on port(s): 8081 (http) with context path ''
mall 2019-06-02 16:42:38.946 INFO      [main]  com.office.mall.web.MallWebApplication logStarted- Started MallWebApplication in 2.683 seconds (JVM running for 3.315)
mall 2019-06-02 16:42:43.673 INFO      [http-nio-8081-exec-1]  org.apache.catalina.core.ContainerBase.[Tomcat].[localhost].[/] log- Initializing Spring DispatcherServlet 'dispatcherServlet'
mall 2019-06-02 16:42:43.673 INFO      [http-nio-8081-exec-1]  org.springframework.web.servlet.DispatcherServlet initServletBean- Initializing Servlet 'dispatcherServlet'
mall 2019-06-02 16:42:43.681 INFO      [http-nio-8081-exec-1]  org.springframework.web.servlet.DispatcherServlet initServletBean- Completed initialization in 8 ms
mall 2019-06-02 16:42:55.565 INFO      [http-nio-8081-exec-5]  com.alibaba.druid.pool.DruidDataSource init- {dataSource-1} inited
mall 2019-06-02 16:42:55.727 DEBUG     [http-nio-8081-exec-5]  com.office.mall.dao.ProductMapper.queryList debug- ==>  Preparing: select id, shop_id, brand_id, product_category_id, product_specifications_id, name, pic, publish_status, recommand_status, verify_status, sort, price, sub_title, original_price, weight, keywords, album_pics, detail_title , description, detail_desc from pms_product 
mall 2019-06-02 16:42:55.744 DEBUG     [http-nio-8081-exec-5]  com.office.mall.dao.ProductMapper.queryList debug- ==> Parameters: 
mall 2019-06-02 16:42:55.761 DEBUG     [http-nio-8081-exec-5]  com.office.mall.dao.ProductMapper.queryList debug- <==      Total: 9
mall 2019-06-02 16:43:05.022 DEBUG     [http-nio-8081-exec-10]  com.office.mall.dao.ShopMapper.selectByPrimaryKey debug- ==>  Preparing: select id, account, password, shop_name, company_name, company_address, linkman_name, linkman_phone, license_number, legalman, legalman_id, bank_name, bank_count, description,register_time,status from ums_shop where id = ? 
mall 2019-06-02 16:43:05.024 DEBUG     [http-nio-8081-exec-10]  com.office.mall.dao.ShopMapper.selectByPrimaryKey debug- ==> Parameters: null
mall 2019-06-02 16:43:05.026 DEBUG     [http-nio-8081-exec-10]  com.office.mall.dao.ShopMapper.selectByPrimaryKey debug- <==      Total: 0
mall 2019-06-02 16:43:05.027 DEBUG     [http-nio-8081-exec-10]  com.office.mall.dao.BrandMapper.selectByPrimaryKey debug- ==>  Preparing: select id, name, first_letter, logo from pms_brand where id = ? 
mall 2019-06-02 16:43:05.028 DEBUG     [http-nio-8081-exec-10]  com.office.mall.dao.BrandMapper.selectByPrimaryKey debug- ==> Parameters: null
mall 2019-06-02 16:43:05.029 DEBUG     [http-nio-8081-exec-10]  com.office.mall.dao.BrandMapper.selectByPrimaryKey debug- <==      Total: 0
mall 2019-06-02 16:43:05.031 DEBUG     [http-nio-8081-exec-10]  com.office.mall.dao.ProductMapper.selectByPrimaryKey debug- ==>  Preparing: select id, shop_id, brand_id, product_category_id, product_specifications_id, name, pic, publish_status, recommand_status, verify_status, sort, price, sub_title, original_price, weight, keywords, album_pics, detail_title , description, detail_desc from pms_product where id = ? 
mall 2019-06-02 16:43:05.033 DEBUG     [http-nio-8081-exec-10]  com.office.mall.dao.ProductMapper.selectByPrimaryKey debug- ==> Parameters: 39(Integer)
mall 2019-06-02 16:43:05.035 DEBUG     [http-nio-8081-exec-10]  com.office.mall.dao.ProductMapper.selectByPrimaryKey debug- <==      Total: 1
mall 2019-06-02 16:43:05.053 ERROR     [http-nio-8081-exec-10]  org.apache.catalina.core.ContainerBase.[Tomcat].[localhost].[/].[dispatcherServlet] log- Servlet.service() for servlet [dispatcherServlet] in context with path [] threw exception [Request processing failed; nested exception is java.lang.NullPointerException] with root cause
java.lang.NullPointerException: null
	at com.office.mall.web.service.impl.ProductServiceImpl.getProductById(ProductServiceImpl.java:48)
	at com.office.mall.web.controller.ProductController.getProductById(ProductController.java:39)
	at sun.reflect.NativeMethodAccessorImpl.invoke0(Native Method)
	at sun.reflect.NativeMethodAccessorImpl.invoke(NativeMethodAccessorImpl.java:62)
	at sun.reflect.DelegatingMethodAccessorImpl.invoke(DelegatingMethodAccessorImpl.java:43)
	at java.lang.reflect.Method.invoke(Method.java:498)
	at org.springframework.web.method.support.InvocableHandlerMethod.doInvoke(InvocableHandlerMethod.java:189)
	at org.springframework.web.method.support.InvocableHandlerMethod.invokeForRequest(InvocableHandlerMethod.java:138)
	at org.springframework.web.servlet.mvc.method.annotation.ServletInvocableHandlerMethod.invokeAndHandle(ServletInvocableHandlerMethod.java:102)
	at org.springframework.web.servlet.mvc.method.annotation.RequestMappingHandlerAdapter.invokeHandlerMethod(RequestMappingHandlerAdapter.java:892)
	at org.springframework.web.servlet.mvc.method.annotation.RequestMappingHandlerAdapter.handleInternal(RequestMappingHandlerAdapter.java:797)
	at org.springframework.web.servlet.mvc.method.AbstractHandlerMethodAdapter.handle(AbstractHandlerMethodAdapter.java:87)
	at org.springframework.web.servlet.DispatcherServlet.doDispatch(DispatcherServlet.java:1038)
	at org.springframework.web.servlet.DispatcherServlet.doService(DispatcherServlet.java:942)
	at org.springframework.web.servlet.FrameworkServlet.processRequest(FrameworkServlet.java:1005)
	at org.springframework.web.servlet.FrameworkServlet.doPost(FrameworkServlet.java:908)
	at javax.servlet.http.HttpServlet.service(HttpServlet.java:660)
	at org.springframework.web.servlet.FrameworkServlet.service(FrameworkServlet.java:882)
	at javax.servlet.http.HttpServlet.service(HttpServlet.java:741)
	at org.apache.catalina.core.ApplicationFilterChain.internalDoFilter(ApplicationFilterChain.java:231)
	at org.apache.catalina.core.ApplicationFilterChain.doFilter(ApplicationFilterChain.java:166)
	at org.apache.tomcat.websocket.server.WsFilter.doFilter(WsFilter.java:53)
	at org.apache.catalina.core.ApplicationFilterChain.internalDoFilter(ApplicationFilterChain.java:193)
	at org.apache.catalina.core.ApplicationFilterChain.doFilter(ApplicationFilterChain.java:166)
	at org.springframework.web.filter.CharacterEncodingFilter.doFilterInternal(CharacterEncodingFilter.java:200)
	at org.springframework.web.filter.OncePerRequestFilter.doFilter(OncePerRequestFilter.java:107)
	at org.apache.catalina.core.ApplicationFilterChain.internalDoFilter(ApplicationFilterChain.java:193)
	at org.apache.catalina.core.ApplicationFilterChain.doFilter(ApplicationFilterChain.java:166)
	at org.apache.catalina.core.StandardWrapperValve.invoke(StandardWrapperValve.java:200)
	at org.apache.catalina.core.StandardContextValve.invoke(StandardContextValve.java:96)
	at org.apache.catalina.authenticator.AuthenticatorBase.invoke(AuthenticatorBase.java:490)
	at org.apache.catalina.core.StandardHostValve.invoke(StandardHostValve.java:139)
	at org.apache.catalina.valves.ErrorReportValve.invoke(ErrorReportValve.java:92)
	at org.apache.catalina.core.StandardEngineValve.invoke(StandardEngineValve.java:74)
	at org.apache.catalina.connector.CoyoteAdapter.service(CoyoteAdapter.java:343)
	at org.apache.coyote.http11.Http11Processor.service(Http11Processor.java:408)
	at org.apache.coyote.AbstractProcessorLight.process(AbstractProcessorLight.java:66)
	at org.apache.coyote.AbstractProtocol$ConnectionHandler.process(AbstractProtocol.java:834)
	at org.apache.tomcat.util.net.NioEndpoint$SocketProcessor.doRun(NioEndpoint.java:1415)
	at org.apache.tomcat.util.net.SocketProcessorBase.run(SocketProcessorBase.java:49)
	at java.util.concurrent.ThreadPoolExecutor.runWorker(ThreadPoolExecutor.java:1149)
	at java.util.concurrent.ThreadPoolExecutor$Worker.run(ThreadPoolExecutor.java:624)
	at org.apache.tomcat.util.threads.TaskThread$WrappingRunnable.run(TaskThread.java:61)
	at java.lang.Thread.run(Thread.java:748)
mall 2019-06-02 16:44:31.468 INFO      [main]  com.office.mall.web.MallWebApplication logStarting- Starting MallWebApplication on DESKTOP-J5QOBS7 with PID 7896 (G:\JProject\GraduationProject\mall\mall-web\target\classes started by wangyajing in G:\JProject\GraduationProject\mall)
mall 2019-06-02 16:44:31.470 DEBUG     [main]  com.office.mall.web.MallWebApplication logStarting- Running with Spring Boot v2.1.4.RELEASE, Spring v5.1.6.RELEASE
mall 2019-06-02 16:44:31.470 INFO      [main]  com.office.mall.web.MallWebApplication logStartupProfileInfo- No active profile set, falling back to default profiles: default
mall 2019-06-02 16:44:33.197 INFO      [main]  org.springframework.boot.web.embedded.tomcat.TomcatWebServer initialize- Tomcat initialized with port(s): 8081 (http)
mall 2019-06-02 16:44:33.211 INFO      [main]  org.apache.coyote.http11.Http11NioProtocol log- Initializing ProtocolHandler ["http-nio-8081"]
mall 2019-06-02 16:44:33.221 INFO      [main]  org.apache.catalina.core.StandardService log- Starting service [Tomcat]
mall 2019-06-02 16:44:33.221 INFO      [main]  org.apache.catalina.core.StandardEngine log- Starting Servlet engine: [Apache Tomcat/9.0.17]
mall 2019-06-02 16:44:33.326 INFO      [main]  org.apache.catalina.core.ContainerBase.[Tomcat].[localhost].[/] log- Initializing Spring embedded WebApplicationContext
mall 2019-06-02 16:44:33.326 INFO      [main]  org.springframework.web.context.ContextLoader prepareWebApplicationContext- Root WebApplicationContext: initialization completed in 1772 ms
mall 2019-06-02 16:44:33.763 WARN      [main]  org.thymeleaf.templatemode.TemplateMode parse- [THYMELEAF][main] Unknown Template Mode 'HTML5 '. Must be one of: 'HTML', 'XML', 'TEXT', 'JAVASCRIPT', 'CSS', 'RAW'. Using default Template Mode 'HTML'.
mall 2019-06-02 16:44:33.828 INFO      [main]  org.apache.coyote.http11.Http11NioProtocol log- Starting ProtocolHandler ["http-nio-8081"]
mall 2019-06-02 16:44:33.850 INFO      [main]  org.springframework.boot.web.embedded.tomcat.TomcatWebServer start- Tomcat started on port(s): 8081 (http) with context path ''
mall 2019-06-02 16:44:33.853 INFO      [main]  com.office.mall.web.MallWebApplication logStarted- Started MallWebApplication in 2.846 seconds (JVM running for 3.678)
mall 2019-06-02 16:45:20.945 INFO      [http-nio-8081-exec-1]  org.apache.catalina.core.ContainerBase.[Tomcat].[localhost].[/] log- Initializing Spring DispatcherServlet 'dispatcherServlet'
mall 2019-06-02 16:45:20.945 INFO      [http-nio-8081-exec-1]  org.springframework.web.servlet.DispatcherServlet initServletBean- Initializing Servlet 'dispatcherServlet'
mall 2019-06-02 16:45:20.952 INFO      [http-nio-8081-exec-1]  org.springframework.web.servlet.DispatcherServlet initServletBean- Completed initialization in 7 ms
mall 2019-06-02 16:45:42.357 INFO      [http-nio-8081-exec-5]  com.alibaba.druid.pool.DruidDataSource init- {dataSource-1} inited
mall 2019-06-02 16:45:42.499 DEBUG     [http-nio-8081-exec-5]  com.office.mall.dao.ShopMapper.selectByPrimaryKey debug- ==>  Preparing: select id, account, password, shop_name, company_name, company_address, linkman_name, linkman_phone, license_number, legalman, legalman_id, bank_name, bank_count, description,register_time,status from ums_shop where id = ? 
mall 2019-06-02 16:45:42.512 DEBUG     [http-nio-8081-exec-5]  com.office.mall.dao.ShopMapper.selectByPrimaryKey debug- ==> Parameters: null
mall 2019-06-02 16:45:42.522 DEBUG     [http-nio-8081-exec-5]  com.office.mall.dao.ShopMapper.selectByPrimaryKey debug- <==      Total: 0
mall 2019-06-02 16:45:42.523 DEBUG     [http-nio-8081-exec-5]  com.office.mall.dao.BrandMapper.selectByPrimaryKey debug- ==>  Preparing: select id, name, first_letter, logo from pms_brand where id = ? 
mall 2019-06-02 16:45:42.524 DEBUG     [http-nio-8081-exec-5]  com.office.mall.dao.BrandMapper.selectByPrimaryKey debug- ==> Parameters: null
mall 2019-06-02 16:45:42.525 DEBUG     [http-nio-8081-exec-5]  com.office.mall.dao.BrandMapper.selectByPrimaryKey debug- <==      Total: 0
mall 2019-06-02 16:45:42.537 DEBUG     [http-nio-8081-exec-5]  com.office.mall.dao.ProductMapper.selectByPrimaryKey debug- ==>  Preparing: select id, shop_id, brand_id, product_category_id, product_specifications_id, name, pic, publish_status, recommand_status, verify_status, sort, price, sub_title, original_price, weight, keywords, album_pics, detail_title , description, detail_desc from pms_product where id = ? 
mall 2019-06-02 16:45:42.538 DEBUG     [http-nio-8081-exec-5]  com.office.mall.dao.ProductMapper.selectByPrimaryKey debug- ==> Parameters: 39(Integer)
mall 2019-06-02 16:45:42.542 DEBUG     [http-nio-8081-exec-5]  com.office.mall.dao.ProductMapper.selectByPrimaryKey debug- <==      Total: 1
mall 2019-06-02 16:46:07.205 DEBUG     [http-nio-8081-exec-5]  com.office.mall.dao.UserMapper.select debug- ==>  Preparing: select id, username, password, phone, status, icon, create_time, last_login_time from ums_user where username = ? and password = ? 
mall 2019-06-02 16:46:07.206 DEBUG     [http-nio-8081-exec-5]  com.office.mall.dao.UserMapper.select debug- ==> Parameters: wyj(String), 123456(String)
mall 2019-06-02 16:46:07.208 DEBUG     [http-nio-8081-exec-5]  com.office.mall.dao.UserMapper.select debug- <==      Total: 1
mall 2019-06-02 16:46:07.244 WARN      [http-nio-8081-exec-6]  org.springframework.web.servlet.PageNotFound noHandlerFound- No mapping for GET /img/wx_cz.jpg
mall 2019-06-02 16:46:07.308 DEBUG     [http-nio-8081-exec-3]  com.office.mall.dao.ProductMapper.queryList debug- ==>  Preparing: select id, shop_id, brand_id, product_category_id, product_specifications_id, name, pic, publish_status, recommand_status, verify_status, sort, price, sub_title, original_price, weight, keywords, album_pics, detail_title , description, detail_desc from pms_product 
mall 2019-06-02 16:46:07.309 DEBUG     [http-nio-8081-exec-3]  com.office.mall.dao.ProductMapper.queryList debug- ==> Parameters: 
mall 2019-06-02 16:46:07.314 DEBUG     [http-nio-8081-exec-3]  com.office.mall.dao.ProductMapper.queryList debug- <==      Total: 9
mall 2019-06-02 16:46:12.318 DEBUG     [http-nio-8081-exec-5]  com.office.mall.dao.CartMapper.insert debug- ==>  Preparing: insert into ums_cart (id, user_id, product_id, shop_id,num) values (?, ?, ?, ?,?) 
mall 2019-06-02 16:46:12.319 DEBUG     [http-nio-8081-exec-5]  com.office.mall.dao.CartMapper.insert debug- ==> Parameters: null, 1(Integer), 39(Integer), null, 1(Integer)
mall 2019-06-02 16:46:12.370 DEBUG     [http-nio-8081-exec-5]  com.office.mall.dao.CartMapper.insert debug- <==    Updates: 1
mall 2019-06-02 16:46:13.709 WARN      [http-nio-8081-exec-9]  org.springframework.web.servlet.PageNotFound noHandlerFound- No mapping for GET /img/wx_cz.jpg
mall 2019-06-02 16:46:13.767 DEBUG     [http-nio-8081-exec-3]  com.office.mall.dao.CartMapper.queryList debug- ==>  Preparing: select id, user_id, product_id, shop_id,num from ums_cart 
mall 2019-06-02 16:46:13.767 DEBUG     [http-nio-8081-exec-3]  com.office.mall.dao.CartMapper.queryList debug- ==> Parameters: 
mall 2019-06-02 16:46:13.769 DEBUG     [http-nio-8081-exec-3]  com.office.mall.dao.CartMapper.queryList debug- <==      Total: 3
mall 2019-06-02 16:46:13.771 DEBUG     [http-nio-8081-exec-3]  com.office.mall.dao.ProductMapper.selectByPrimaryKey debug- ==>  Preparing: select id, shop_id, brand_id, product_category_id, product_specifications_id, name, pic, publish_status, recommand_status, verify_status, sort, price, sub_title, original_price, weight, keywords, album_pics, detail_title , description, detail_desc from pms_product where id = ? 
mall 2019-06-02 16:46:13.771 DEBUG     [http-nio-8081-exec-3]  com.office.mall.dao.ProductMapper.selectByPrimaryKey debug- ==> Parameters: 1(Integer)
mall 2019-06-02 16:46:13.772 DEBUG     [http-nio-8081-exec-3]  com.office.mall.dao.ProductMapper.selectByPrimaryKey debug- <==      Total: 1
mall 2019-06-02 16:46:13.779 DEBUG     [http-nio-8081-exec-3]  com.office.mall.dao.ProductMapper.selectByPrimaryKey debug- ==>  Preparing: select id, shop_id, brand_id, product_category_id, product_specifications_id, name, pic, publish_status, recommand_status, verify_status, sort, price, sub_title, original_price, weight, keywords, album_pics, detail_title , description, detail_desc from pms_product where id = ? 
mall 2019-06-02 16:46:13.780 DEBUG     [http-nio-8081-exec-3]  com.office.mall.dao.ProductMapper.selectByPrimaryKey debug- ==> Parameters: 1(Integer)
mall 2019-06-02 16:46:13.781 DEBUG     [http-nio-8081-exec-3]  com.office.mall.dao.ProductMapper.selectByPrimaryKey debug- <==      Total: 1
mall 2019-06-02 16:46:13.783 DEBUG     [http-nio-8081-exec-3]  com.office.mall.dao.ProductMapper.selectByPrimaryKey debug- ==>  Preparing: select id, shop_id, brand_id, product_category_id, product_specifications_id, name, pic, publish_status, recommand_status, verify_status, sort, price, sub_title, original_price, weight, keywords, album_pics, detail_title , description, detail_desc from pms_product where id = ? 
mall 2019-06-02 16:46:13.784 DEBUG     [http-nio-8081-exec-3]  com.office.mall.dao.ProductMapper.selectByPrimaryKey debug- ==> Parameters: 39(Integer)
mall 2019-06-02 16:46:13.785 DEBUG     [http-nio-8081-exec-3]  com.office.mall.dao.ProductMapper.selectByPrimaryKey debug- <==      Total: 1
mall 2019-06-02 16:46:19.325 DEBUG     [http-nio-8081-exec-4]  com.office.mall.dao.CartMapper.deleteByPrimaryKey debug- ==>  Preparing: delete from ums_cart where id = ? 
mall 2019-06-02 16:46:19.326 DEBUG     [http-nio-8081-exec-4]  com.office.mall.dao.CartMapper.deleteByPrimaryKey debug- ==> Parameters: 1(Integer)
mall 2019-06-02 16:46:19.378 DEBUG     [http-nio-8081-exec-4]  com.office.mall.dao.CartMapper.deleteByPrimaryKey debug- <==    Updates: 1
mall 2019-06-02 16:46:22.758 DEBUG     [http-nio-8081-exec-10]  com.office.mall.dao.CartMapper.deleteByPrimaryKey debug- ==>  Preparing: delete from ums_cart where id = ? 
mall 2019-06-02 16:46:22.759 DEBUG     [http-nio-8081-exec-10]  com.office.mall.dao.CartMapper.deleteByPrimaryKey debug- ==> Parameters: 1(Integer)
mall 2019-06-02 16:46:22.760 DEBUG     [http-nio-8081-exec-10]  com.office.mall.dao.CartMapper.deleteByPrimaryKey debug- <==    Updates: 0
mall 2019-06-02 16:46:25.332 DEBUG     [http-nio-8081-exec-1]  com.office.mall.dao.CartMapper.deleteByPrimaryKey debug- ==>  Preparing: delete from ums_cart where id = ? 
mall 2019-06-02 16:46:25.333 DEBUG     [http-nio-8081-exec-1]  com.office.mall.dao.CartMapper.deleteByPrimaryKey debug- ==> Parameters: 2(Integer)
mall 2019-06-02 16:46:25.335 DEBUG     [http-nio-8081-exec-1]  com.office.mall.dao.CartMapper.deleteByPrimaryKey debug- <==    Updates: 1
mall 2019-06-02 16:46:31.211 DEBUG     [http-nio-8081-exec-6]  com.office.mall.dao.ShopMapper.selectByPrimaryKey debug- ==>  Preparing: select id, account, password, shop_name, company_name, company_address, linkman_name, linkman_phone, license_number, legalman, legalman_id, bank_name, bank_count, description,register_time,status from ums_shop where id = ? 
mall 2019-06-02 16:46:31.212 DEBUG     [http-nio-8081-exec-6]  com.office.mall.dao.ShopMapper.selectByPrimaryKey debug- ==> Parameters: null
mall 2019-06-02 16:46:31.213 DEBUG     [http-nio-8081-exec-6]  com.office.mall.dao.ShopMapper.selectByPrimaryKey debug- <==      Total: 0
mall 2019-06-02 16:46:31.214 DEBUG     [http-nio-8081-exec-6]  com.office.mall.dao.BrandMapper.selectByPrimaryKey debug- ==>  Preparing: select id, name, first_letter, logo from pms_brand where id = ? 
mall 2019-06-02 16:46:31.214 DEBUG     [http-nio-8081-exec-6]  com.office.mall.dao.BrandMapper.selectByPrimaryKey debug- ==> Parameters: null
mall 2019-06-02 16:46:31.215 DEBUG     [http-nio-8081-exec-6]  com.office.mall.dao.BrandMapper.selectByPrimaryKey debug- <==      Total: 0
mall 2019-06-02 16:46:31.216 DEBUG     [http-nio-8081-exec-6]  com.office.mall.dao.ProductMapper.selectByPrimaryKey debug- ==>  Preparing: select id, shop_id, brand_id, product_category_id, product_specifications_id, name, pic, publish_status, recommand_status, verify_status, sort, price, sub_title, original_price, weight, keywords, album_pics, detail_title , description, detail_desc from pms_product where id = ? 
mall 2019-06-02 16:46:31.217 DEBUG     [http-nio-8081-exec-6]  com.office.mall.dao.ProductMapper.selectByPrimaryKey debug- ==> Parameters: 1(Integer)
mall 2019-06-02 16:46:31.218 DEBUG     [http-nio-8081-exec-6]  com.office.mall.dao.ProductMapper.selectByPrimaryKey debug- <==      Total: 1
mall 2019-06-02 16:47:26.572 WARN      [http-nio-8081-exec-4]  org.springframework.web.servlet.PageNotFound noHandlerFound- No mapping for GET /img/wx_cz.jpg
mall 2019-06-02 16:47:26.620 DEBUG     [http-nio-8081-exec-1]  com.office.mall.dao.CartMapper.queryList debug- ==>  Preparing: select id, user_id, product_id, shop_id,num from ums_cart 
mall 2019-06-02 16:47:26.621 DEBUG     [http-nio-8081-exec-1]  com.office.mall.dao.CartMapper.queryList debug- ==> Parameters: 
mall 2019-06-02 16:47:26.622 DEBUG     [http-nio-8081-exec-1]  com.office.mall.dao.CartMapper.queryList debug- <==      Total: 1
mall 2019-06-02 16:47:26.623 DEBUG     [http-nio-8081-exec-1]  com.office.mall.dao.ProductMapper.selectByPrimaryKey debug- ==>  Preparing: select id, shop_id, brand_id, product_category_id, product_specifications_id, name, pic, publish_status, recommand_status, verify_status, sort, price, sub_title, original_price, weight, keywords, album_pics, detail_title , description, detail_desc from pms_product where id = ? 
mall 2019-06-02 16:47:26.623 DEBUG     [http-nio-8081-exec-1]  com.office.mall.dao.ProductMapper.selectByPrimaryKey debug- ==> Parameters: 39(Integer)
mall 2019-06-02 16:47:26.625 DEBUG     [http-nio-8081-exec-1]  com.office.mall.dao.ProductMapper.selectByPrimaryKey debug- <==      Total: 1
mall 2019-06-02 16:47:36.622 DEBUG     [http-nio-8081-exec-7]  com.office.mall.dao.CartMapper.insert debug- ==>  Preparing: insert into ums_cart (id, user_id, product_id, shop_id,num) values (?, ?, ?, ?,?) 
mall 2019-06-02 16:47:36.622 DEBUG     [http-nio-8081-exec-7]  com.office.mall.dao.CartMapper.insert debug- ==> Parameters: null, 1(Integer), 1(Integer), null, 1(Integer)
mall 2019-06-02 16:47:36.624 DEBUG     [http-nio-8081-exec-7]  com.office.mall.dao.CartMapper.insert debug- <==    Updates: 1
mall 2019-06-02 16:47:37.929 WARN      [http-nio-8081-exec-6]  org.springframework.web.servlet.PageNotFound noHandlerFound- No mapping for GET /img/wx_cz.jpg
mall 2019-06-02 16:47:37.967 DEBUG     [http-nio-8081-exec-8]  com.office.mall.dao.CartMapper.queryList debug- ==>  Preparing: select id, user_id, product_id, shop_id,num from ums_cart 
mall 2019-06-02 16:47:37.968 DEBUG     [http-nio-8081-exec-8]  com.office.mall.dao.CartMapper.queryList debug- ==> Parameters: 
mall 2019-06-02 16:47:37.970 DEBUG     [http-nio-8081-exec-8]  com.office.mall.dao.CartMapper.queryList debug- <==      Total: 2
mall 2019-06-02 16:47:37.971 DEBUG     [http-nio-8081-exec-8]  com.office.mall.dao.ProductMapper.selectByPrimaryKey debug- ==>  Preparing: select id, shop_id, brand_id, product_category_id, product_specifications_id, name, pic, publish_status, recommand_status, verify_status, sort, price, sub_title, original_price, weight, keywords, album_pics, detail_title , description, detail_desc from pms_product where id = ? 
mall 2019-06-02 16:47:37.972 DEBUG     [http-nio-8081-exec-8]  com.office.mall.dao.ProductMapper.selectByPrimaryKey debug- ==> Parameters: 39(Integer)
mall 2019-06-02 16:47:37.976 DEBUG     [http-nio-8081-exec-8]  com.office.mall.dao.ProductMapper.selectByPrimaryKey debug- <==      Total: 1
mall 2019-06-02 16:47:37.977 DEBUG     [http-nio-8081-exec-8]  com.office.mall.dao.ProductMapper.selectByPrimaryKey debug- ==>  Preparing: select id, shop_id, brand_id, product_category_id, product_specifications_id, name, pic, publish_status, recommand_status, verify_status, sort, price, sub_title, original_price, weight, keywords, album_pics, detail_title , description, detail_desc from pms_product where id = ? 
mall 2019-06-02 16:47:37.978 DEBUG     [http-nio-8081-exec-8]  com.office.mall.dao.ProductMapper.selectByPrimaryKey debug- ==> Parameters: 1(Integer)
mall 2019-06-02 16:47:37.979 DEBUG     [http-nio-8081-exec-8]  com.office.mall.dao.ProductMapper.selectByPrimaryKey debug- <==      Total: 1
mall 2019-06-02 16:47:44.487 DEBUG     [http-nio-8081-exec-3]  com.office.mall.dao.CartMapper.deleteByPrimaryKey debug- ==>  Preparing: delete from ums_cart where id = ? 
mall 2019-06-02 16:47:44.488 DEBUG     [http-nio-8081-exec-3]  com.office.mall.dao.CartMapper.deleteByPrimaryKey debug- ==> Parameters: 3(Integer)
mall 2019-06-02 16:47:44.492 DEBUG     [http-nio-8081-exec-3]  com.office.mall.dao.CartMapper.deleteByPrimaryKey debug- <==    Updates: 1
mall 2019-06-02 16:47:45.749 WARN      [http-nio-8081-exec-10]  org.springframework.web.servlet.PageNotFound noHandlerFound- No mapping for GET /img/wx_cz.jpg
mall 2019-06-02 16:47:45.781 DEBUG     [http-nio-8081-exec-1]  com.office.mall.dao.CartMapper.queryList debug- ==>  Preparing: select id, user_id, product_id, shop_id,num from ums_cart 
mall 2019-06-02 16:47:45.782 DEBUG     [http-nio-8081-exec-1]  com.office.mall.dao.CartMapper.queryList debug- ==> Parameters: 
mall 2019-06-02 16:47:45.783 DEBUG     [http-nio-8081-exec-1]  com.office.mall.dao.CartMapper.queryList debug- <==      Total: 1
mall 2019-06-02 16:47:45.784 DEBUG     [http-nio-8081-exec-1]  com.office.mall.dao.ProductMapper.selectByPrimaryKey debug- ==>  Preparing: select id, shop_id, brand_id, product_category_id, product_specifications_id, name, pic, publish_status, recommand_status, verify_status, sort, price, sub_title, original_price, weight, keywords, album_pics, detail_title , description, detail_desc from pms_product where id = ? 
mall 2019-06-02 16:47:45.785 DEBUG     [http-nio-8081-exec-1]  com.office.mall.dao.ProductMapper.selectByPrimaryKey debug- ==> Parameters: 1(Integer)
mall 2019-06-02 16:47:45.787 DEBUG     [http-nio-8081-exec-1]  com.office.mall.dao.ProductMapper.selectByPrimaryKey debug- <==      Total: 1
